2025-01-14 17:40:06,276 - __main__ - INFO - Initiating Central Bank resolutions collection process...
2025-01-14 17:40:06,276 - root - INFO - Starting resolution collection...
2025-01-14 17:40:11,744 - root - INFO - Collected 15 links from page starting at row 0
2025-01-14 17:40:15,386 - root - INFO - Collected 15 links from page starting at row 15
2025-01-14 17:40:17,984 - root - INFO - Collected 15 links from page starting at row 30
2025-01-14 17:40:20,770 - root - INFO - Collected 15 links from page starting at row 45
2025-01-14 17:40:23,460 - root - INFO - Collected 15 links from page starting at row 60
2025-01-14 17:40:26,138 - root - INFO - Collected 15 links from page starting at row 75
2025-01-14 17:40:28,798 - root - INFO - Collected 15 links from page starting at row 90
2025-01-14 17:40:31,565 - root - INFO - Collected 15 links from page starting at row 105
2025-01-14 17:40:35,391 - root - INFO - Collected 15 links from page starting at row 120
2025-01-14 17:40:37,909 - root - INFO - Collected 15 links from page starting at row 135
2025-01-14 17:40:41,160 - root - INFO - Collected 15 links from page starting at row 150
2025-01-14 17:40:44,436 - root - INFO - Collected 15 links from page starting at row 165
2025-01-14 17:40:47,383 - root - INFO - Collected 15 links from page starting at row 180
2025-01-14 17:40:50,357 - root - INFO - Collected 15 links from page starting at row 195
2025-01-14 17:40:53,945 - root - INFO - Collected 15 links from page starting at row 210
2025-01-14 17:40:57,509 - root - INFO - Collected 15 links from page starting at row 225
2025-01-14 17:41:00,781 - root - INFO - Collected 15 links from page starting at row 240
2025-01-14 17:41:04,633 - root - INFO - Collected 15 links from page starting at row 255
2025-01-14 17:41:08,020 - root - INFO - Collected 15 links from page starting at row 270
2025-01-14 17:41:13,425 - root - INFO - Collected 15 links from page starting at row 285
2025-01-14 17:41:16,641 - root - INFO - Collected 15 links from page starting at row 300
2025-01-14 17:41:19,844 - root - INFO - Collected 15 links from page starting at row 315
2025-01-14 17:41:23,006 - root - INFO - Collected 15 links from page starting at row 330
2025-01-14 17:41:26,573 - root - INFO - Collected 15 links from page starting at row 345
2025-01-14 17:41:29,291 - root - INFO - Collected 15 links from page starting at row 360
2025-01-14 17:41:32,688 - root - INFO - Collected 15 links from page starting at row 375
2025-01-14 17:41:35,602 - root - INFO - Collected 15 links from page starting at row 390
2025-01-14 17:41:38,491 - root - INFO - Collected 15 links from page starting at row 405
2025-01-14 17:41:41,476 - root - INFO - Collected 15 links from page starting at row 420
2025-01-14 17:41:44,885 - root - INFO - Collected 13 links from page starting at row 435
2025-01-14 17:41:47,739 - root - INFO - Extracting data from https://www.bcb.gov.br/estabilidadefinanceira/exibenormativo?tipo=Resolu%C3%A7%C3%A3o%20BCB&numero=448...
2025-01-14 17:41:52,582 - root - INFO - Extracting data from https://www.bcb.gov.br/estabilidadefinanceira/exibenormativo?tipo=Resolu%C3%A7%C3%A3o%20BCB&numero=447...
2025-01-14 17:42:04,140 - root - INFO - Extracting data from https://www.bcb.gov.br/estabilidadefinanceira/exibenormativo?tipo=Resolu%C3%A7%C3%A3o%20BCB&numero=446...
2025-01-14 17:42:07,530 - root - INFO - Extracting data from https://www.bcb.gov.br/estabilidadefinanceira/exibenormativo?tipo=Resolu%C3%A7%C3%A3o%20BCB&numero=445...
2025-01-14 17:42:11,234 - root - INFO - Extracting data from https://www.bcb.gov.br/estabilidadefinanceira/exibenormativo?tipo=Resolu%C3%A7%C3%A3o%20BCB&numero=444...
2025-01-14 17:42:15,306 - root - INFO - Extracting data from https://www.bcb.gov.br/estabilidadefinanceira/exibenormativo?tipo=Resolu%C3%A7%C3%A3o%20BCB&numero=443...
2025-01-14 17:42:21,836 - root - INFO - Extracting data from https://www.bcb.gov.br/estabilidadefinanceira/exibenormativo?tipo=Resolu%C3%A7%C3%A3o%20BCB&numero=442...
2025-01-14 17:42:26,624 - root - INFO - Extracting data from https://www.bcb.gov.br/estabilidadefinanceira/exibenormativo?tipo=Resolu%C3%A7%C3%A3o%20BCB&numero=441...
2025-01-14 17:42:30,638 - root - INFO - Extracting data from https://www.bcb.gov.br/estabilidadefinanceira/exibenormativo?tipo=Resolu%C3%A7%C3%A3o%20BCB&numero=440...
2025-01-14 17:42:40,256 - root - INFO - Extracting data from https://www.bcb.gov.br/estabilidadefinanceira/exibenormativo?tipo=Resolu%C3%A7%C3%A3o%20BCB&numero=438...
2025-01-14 17:42:44,981 - root - INFO - Extracting data from https://www.bcb.gov.br/estabilidadefinanceira/exibenormativo?tipo=Resolu%C3%A7%C3%A3o%20BCB&numero=439...
2025-01-14 17:42:49,047 - root - INFO - Extracting data from https://www.bcb.gov.br/estabilidadefinanceira/exibenormativo?tipo=Resolu%C3%A7%C3%A3o%20BCB&numero=436...
2025-01-14 17:42:55,696 - root - INFO - Extracting data from https://www.bcb.gov.br/estabilidadefinanceira/exibenormativo?tipo=Resolu%C3%A7%C3%A3o%20BCB&numero=437...
2025-01-14 17:43:03,705 - root - INFO - Extracting data from https://www.bcb.gov.br/estabilidadefinanceira/exibenormativo?tipo=Resolu%C3%A7%C3%A3o%20BCB&numero=435...
2025-01-14 17:43:07,960 - root - INFO - Extracting data from https://www.bcb.gov.br/estabilidadefinanceira/exibenormativo?tipo=Resolu%C3%A7%C3%A3o%20BCB&numero=433...
2025-01-14 17:43:12,979 - root - INFO - Extracting data from https://www.bcb.gov.br/estabilidadefinanceira/exibenormativo?tipo=Resolu%C3%A7%C3%A3o%20BCB&numero=434...
2025-01-14 17:43:17,028 - root - INFO - Extracting data from https://www.bcb.gov.br/estabilidadefinanceira/exibenormativo?tipo=Resolu%C3%A7%C3%A3o%20BCB&numero=432...
2025-01-14 17:43:25,061 - root - INFO - Extracting data from https://www.bcb.gov.br/estabilidadefinanceira/exibenormativo?tipo=Resolu%C3%A7%C3%A3o%20BCB&numero=431...
2025-01-14 17:43:29,101 - root - INFO - Extracting data from https://www.bcb.gov.br/estabilidadefinanceira/exibenormativo?tipo=Resolu%C3%A7%C3%A3o%20BCB&numero=430...
2025-01-14 17:43:38,015 - root - INFO - Extracting data from https://www.bcb.gov.br/estabilidadefinanceira/exibenormativo?tipo=Resolu%C3%A7%C3%A3o%20BCB&numero=429...
2025-01-14 17:43:42,192 - root - INFO - Extracting data from https://www.bcb.gov.br/estabilidadefinanceira/exibenormativo?tipo=Resolu%C3%A7%C3%A3o%20BCB&numero=428...
2025-01-14 17:43:46,606 - root - INFO - Extracting data from https://www.bcb.gov.br/estabilidadefinanceira/exibenormativo?tipo=Resolu%C3%A7%C3%A3o%20BCB&numero=427...
2025-01-14 17:43:56,618 - root - INFO - Extracting data from https://www.bcb.gov.br/estabilidadefinanceira/exibenormativo?tipo=Resolu%C3%A7%C3%A3o%20BCB&numero=426...
2025-01-14 17:44:02,717 - root - INFO - Extracting data from https://www.bcb.gov.br/estabilidadefinanceira/exibenormativo?tipo=Resolu%C3%A7%C3%A3o%20BCB&numero=425...
2025-01-14 17:44:07,260 - root - INFO - Extracting data from https://www.bcb.gov.br/estabilidadefinanceira/exibenormativo?tipo=Resolu%C3%A7%C3%A3o%20BCB&numero=424...
2025-01-14 17:44:13,741 - root - INFO - Extracting data from https://www.bcb.gov.br/estabilidadefinanceira/exibenormativo?tipo=Resolu%C3%A7%C3%A3o%20BCB&numero=423...
2025-01-14 17:44:18,937 - root - INFO - Extracting data from https://www.bcb.gov.br/estabilidadefinanceira/exibenormativo?tipo=Resolu%C3%A7%C3%A3o%20BCB&numero=422...
2025-01-14 17:44:23,813 - root - INFO - Extracting data from https://www.bcb.gov.br/estabilidadefinanceira/exibenormativo?tipo=Resolu%C3%A7%C3%A3o%20BCB&numero=421...
2025-01-14 17:44:27,777 - root - INFO - Extracting data from https://www.bcb.gov.br/estabilidadefinanceira/exibenormativo?tipo=Resolu%C3%A7%C3%A3o%20BCB&numero=420...
2025-01-14 17:44:31,415 - root - INFO - Extracting data from https://www.bcb.gov.br/estabilidadefinanceira/exibenormativo?tipo=Resolu%C3%A7%C3%A3o%20BCB&numero=419...
2025-01-14 17:44:38,013 - root - INFO - Extracting data from https://www.bcb.gov.br/estabilidadefinanceira/exibenormativo?tipo=Resolu%C3%A7%C3%A3o%20BCB&numero=417...
2025-01-14 17:44:54,003 - root - INFO - Extracting data from https://www.bcb.gov.br/estabilidadefinanceira/exibenormativo?tipo=Resolu%C3%A7%C3%A3o%20BCB&numero=418...
2025-01-14 17:44:59,014 - root - INFO - Extracting data from https://www.bcb.gov.br/estabilidadefinanceira/exibenormativo?tipo=Resolu%C3%A7%C3%A3o%20BCB&numero=416...
2025-01-14 17:45:04,282 - root - INFO - Extracting data from https://www.bcb.gov.br/estabilidadefinanceira/exibenormativo?tipo=Resolu%C3%A7%C3%A3o%20BCB&numero=415...
2025-01-14 17:45:16,165 - root - INFO - Extracting data from https://www.bcb.gov.br/estabilidadefinanceira/exibenormativo?tipo=Resolu%C3%A7%C3%A3o%20BCB&numero=413...
2025-01-14 17:45:19,902 - root - INFO - Extracting data from https://www.bcb.gov.br/estabilidadefinanceira/exibenormativo?tipo=Resolu%C3%A7%C3%A3o%20BCB&numero=414...
2025-01-14 17:45:23,545 - root - INFO - Extracting data from https://www.bcb.gov.br/estabilidadefinanceira/exibenormativo?tipo=Resolu%C3%A7%C3%A3o%20BCB&numero=411...
2025-01-14 17:45:30,019 - root - INFO - Extracting data from https://www.bcb.gov.br/estabilidadefinanceira/exibenormativo?tipo=Resolu%C3%A7%C3%A3o%20BCB&numero=412...
2025-01-14 17:45:33,810 - root - INFO - Extracting data from https://www.bcb.gov.br/estabilidadefinanceira/exibenormativo?tipo=Resolu%C3%A7%C3%A3o%20BCB&numero=410...
2025-01-14 17:45:39,900 - root - INFO - Extracting data from https://www.bcb.gov.br/estabilidadefinanceira/exibenormativo?tipo=Resolu%C3%A7%C3%A3o%20BCB&numero=409...
2025-01-14 17:45:46,333 - root - INFO - Extracting data from https://www.bcb.gov.br/estabilidadefinanceira/exibenormativo?tipo=Resolu%C3%A7%C3%A3o%20BCB&numero=408...
2025-01-14 17:45:50,780 - root - INFO - Extracting data from https://www.bcb.gov.br/estabilidadefinanceira/exibenormativo?tipo=Resolu%C3%A7%C3%A3o%20BCB&numero=407...
2025-01-14 17:45:54,540 - root - INFO - Extracting data from https://www.bcb.gov.br/estabilidadefinanceira/exibenormativo?tipo=Resolu%C3%A7%C3%A3o%20BCB&numero=406...
2025-01-14 17:45:59,400 - root - INFO - Extracting data from https://www.bcb.gov.br/estabilidadefinanceira/exibenormativo?tipo=Resolu%C3%A7%C3%A3o%20BCB&numero=405...
2025-01-14 17:46:04,810 - root - INFO - Extracting data from https://www.bcb.gov.br/estabilidadefinanceira/exibenormativo?tipo=Resolu%C3%A7%C3%A3o%20BCB&numero=404...
2025-01-14 17:46:09,609 - root - INFO - Extracting data from https://www.bcb.gov.br/estabilidadefinanceira/exibenormativo?tipo=Resolu%C3%A7%C3%A3o%20BCB&numero=403...
2025-01-14 17:46:15,937 - root - INFO - Extracting data from https://www.bcb.gov.br/estabilidadefinanceira/exibenormativo?tipo=Resolu%C3%A7%C3%A3o%20BCB&numero=402...
2025-01-14 17:46:21,834 - root - INFO - Extracting data from https://www.bcb.gov.br/estabilidadefinanceira/exibenormativo?tipo=Resolu%C3%A7%C3%A3o%20BCB&numero=401...
2025-01-14 17:46:26,471 - root - INFO - Extracting data from https://www.bcb.gov.br/estabilidadefinanceira/exibenormativo?tipo=Resolu%C3%A7%C3%A3o%20BCB&numero=399...
2025-01-14 17:46:30,222 - root - INFO - Extracting data from https://www.bcb.gov.br/estabilidadefinanceira/exibenormativo?tipo=Resolu%C3%A7%C3%A3o%20BCB&numero=400...
2025-01-14 17:46:35,460 - root - INFO - Extracting data from https://www.bcb.gov.br/estabilidadefinanceira/exibenormativo?tipo=Resolu%C3%A7%C3%A3o%20BCB&numero=398...
2025-01-14 17:46:42,189 - root - INFO - Extracting data from https://www.bcb.gov.br/estabilidadefinanceira/exibenormativo?tipo=Resolu%C3%A7%C3%A3o%20BCB&numero=397...
2025-01-14 17:46:46,692 - root - INFO - Extracting data from https://www.bcb.gov.br/estabilidadefinanceira/exibenormativo?tipo=Resolu%C3%A7%C3%A3o%20BCB&numero=396...
2025-01-14 17:46:59,178 - root - INFO - Extracting data from https://www.bcb.gov.br/estabilidadefinanceira/exibenormativo?tipo=Resolu%C3%A7%C3%A3o%20BCB&numero=395...
2025-01-14 17:47:04,496 - root - INFO - Extracting data from https://www.bcb.gov.br/estabilidadefinanceira/exibenormativo?tipo=Resolu%C3%A7%C3%A3o%20BCB&numero=394...
2025-01-14 17:47:10,394 - root - INFO - Extracting data from https://www.bcb.gov.br/estabilidadefinanceira/exibenormativo?tipo=Resolu%C3%A7%C3%A3o%20BCB&numero=393...
2025-01-14 17:47:15,825 - root - INFO - Extracting data from https://www.bcb.gov.br/estabilidadefinanceira/exibenormativo?tipo=Resolu%C3%A7%C3%A3o%20BCB&numero=392...
2025-01-14 17:47:22,422 - root - INFO - Extracting data from https://www.bcb.gov.br/estabilidadefinanceira/exibenormativo?tipo=Resolu%C3%A7%C3%A3o%20BCB&numero=391...
2025-01-14 17:47:26,534 - root - INFO - Extracting data from https://www.bcb.gov.br/estabilidadefinanceira/exibenormativo?tipo=Resolu%C3%A7%C3%A3o%20BCB&numero=390...
2025-01-14 17:47:31,290 - root - INFO - Extracting data from https://www.bcb.gov.br/estabilidadefinanceira/exibenormativo?tipo=Resolu%C3%A7%C3%A3o%20BCB&numero=388...
2025-01-14 17:47:35,994 - root - INFO - Extracting data from https://www.bcb.gov.br/estabilidadefinanceira/exibenormativo?tipo=Resolu%C3%A7%C3%A3o%20BCB&numero=389...
2025-01-14 17:47:42,800 - root - INFO - Extracting data from https://www.bcb.gov.br/estabilidadefinanceira/exibenormativo?tipo=Resolu%C3%A7%C3%A3o%20BCB&numero=386...
2025-01-14 17:47:48,567 - root - INFO - Extracting data from https://www.bcb.gov.br/estabilidadefinanceira/exibenormativo?tipo=Resolu%C3%A7%C3%A3o%20BCB&numero=387...
2025-01-14 17:47:54,510 - root - INFO - Extracting data from https://www.bcb.gov.br/estabilidadefinanceira/exibenormativo?tipo=Resolu%C3%A7%C3%A3o%20BCB&numero=385...
2025-01-14 17:48:00,421 - root - INFO - Extracting data from https://www.bcb.gov.br/estabilidadefinanceira/exibenormativo?tipo=Resolu%C3%A7%C3%A3o%20BCB&numero=384...
2025-01-14 17:48:03,976 - root - INFO - Extracting data from https://www.bcb.gov.br/estabilidadefinanceira/exibenormativo?tipo=Resolu%C3%A7%C3%A3o%20BCB&numero=383...
2025-01-14 17:48:07,815 - root - INFO - Extracting data from https://www.bcb.gov.br/estabilidadefinanceira/exibenormativo?tipo=Resolu%C3%A7%C3%A3o%20BCB&numero=382...
2025-01-14 17:48:14,669 - root - INFO - Extracting data from https://www.bcb.gov.br/estabilidadefinanceira/exibenormativo?tipo=Resolu%C3%A7%C3%A3o%20BCB&numero=380...
2025-01-14 17:48:19,685 - root - INFO - Extracting data from https://www.bcb.gov.br/estabilidadefinanceira/exibenormativo?tipo=Resolu%C3%A7%C3%A3o%20BCB&numero=381...
2025-01-14 17:48:24,366 - root - INFO - Extracting data from https://www.bcb.gov.br/estabilidadefinanceira/exibenormativo?tipo=Resolu%C3%A7%C3%A3o%20BCB&numero=378...
2025-01-14 17:48:27,910 - root - INFO - Extracting data from https://www.bcb.gov.br/estabilidadefinanceira/exibenormativo?tipo=Resolu%C3%A7%C3%A3o%20BCB&numero=379...
2025-01-14 17:48:31,519 - root - INFO - Extracting data from https://www.bcb.gov.br/estabilidadefinanceira/exibenormativo?tipo=Resolu%C3%A7%C3%A3o%20BCB&numero=377...
2025-01-14 17:48:39,150 - root - INFO - Extracting data from https://www.bcb.gov.br/estabilidadefinanceira/exibenormativo?tipo=Resolu%C3%A7%C3%A3o%20BCB&numero=376...
2025-01-14 17:48:42,998 - root - INFO - Extracting data from https://www.bcb.gov.br/estabilidadefinanceira/exibenormativo?tipo=Resolu%C3%A7%C3%A3o%20BCB&numero=375...
2025-01-14 17:49:13,560 - root - INFO - Extracting data from https://www.bcb.gov.br/estabilidadefinanceira/exibenormativo?tipo=Resolu%C3%A7%C3%A3o%20BCB&numero=374...
2025-01-14 17:49:38,019 - root - INFO - Extracting data from https://www.bcb.gov.br/estabilidadefinanceira/exibenormativo?tipo=Resolu%C3%A7%C3%A3o%20BCB&numero=373...
2025-01-14 17:49:41,978 - root - INFO - Extracting data from https://www.bcb.gov.br/estabilidadefinanceira/exibenormativo?tipo=Resolu%C3%A7%C3%A3o%20BCB&numero=372...
2025-01-14 17:49:45,847 - root - INFO - Extracting data from https://www.bcb.gov.br/estabilidadefinanceira/exibenormativo?tipo=Resolu%C3%A7%C3%A3o%20BCB&numero=371...
2025-01-14 17:49:49,386 - root - INFO - Extracting data from https://www.bcb.gov.br/estabilidadefinanceira/exibenormativo?tipo=Resolu%C3%A7%C3%A3o%20BCB&numero=370...
2025-01-14 17:49:53,169 - root - INFO - Extracting data from https://www.bcb.gov.br/estabilidadefinanceira/exibenormativo?tipo=Resolu%C3%A7%C3%A3o%20BCB&numero=369...
2025-01-14 17:49:56,815 - root - INFO - Extracting data from https://www.bcb.gov.br/estabilidadefinanceira/exibenormativo?tipo=Resolu%C3%A7%C3%A3o%20BCB&numero=367...
2025-01-14 17:50:06,910 - root - INFO - Extracting data from https://www.bcb.gov.br/estabilidadefinanceira/exibenormativo?tipo=Resolu%C3%A7%C3%A3o%20BCB&numero=368...
2025-01-14 17:50:13,714 - root - INFO - Extracting data from https://www.bcb.gov.br/estabilidadefinanceira/exibenormativo?tipo=Resolu%C3%A7%C3%A3o%20BCB&numero=366...
2025-01-14 17:50:19,233 - root - INFO - Extracting data from https://www.bcb.gov.br/estabilidadefinanceira/exibenormativo?tipo=Resolu%C3%A7%C3%A3o%20BCB&numero=365...
2025-01-14 17:50:24,657 - root - INFO - Extracting data from https://www.bcb.gov.br/estabilidadefinanceira/exibenormativo?tipo=Resolu%C3%A7%C3%A3o%20BCB&numero=364...
2025-01-14 17:50:31,456 - root - INFO - Extracting data from https://www.bcb.gov.br/estabilidadefinanceira/exibenormativo?tipo=Resolu%C3%A7%C3%A3o%20BCB&numero=363...
2025-01-14 17:50:35,304 - root - INFO - Extracting data from https://www.bcb.gov.br/estabilidadefinanceira/exibenormativo?tipo=Resolu%C3%A7%C3%A3o%20BCB&numero=362...
2025-01-14 17:50:40,759 - root - INFO - Extracting data from https://www.bcb.gov.br/estabilidadefinanceira/exibenormativo?tipo=Resolu%C3%A7%C3%A3o%20BCB&numero=360...
2025-01-14 17:50:48,825 - root - INFO - Extracting data from https://www.bcb.gov.br/estabilidadefinanceira/exibenormativo?tipo=Resolu%C3%A7%C3%A3o%20BCB&numero=361...
2025-01-14 17:50:52,505 - root - INFO - Extracting data from https://www.bcb.gov.br/estabilidadefinanceira/exibenormativo?tipo=Resolu%C3%A7%C3%A3o%20BCB&numero=359...
2025-01-14 17:50:57,083 - root - INFO - Extracting data from https://www.bcb.gov.br/estabilidadefinanceira/exibenormativo?tipo=Resolu%C3%A7%C3%A3o%20BCB&numero=358...
2025-01-14 17:51:01,015 - root - INFO - Extracting data from https://www.bcb.gov.br/estabilidadefinanceira/exibenormativo?tipo=Resolu%C3%A7%C3%A3o%20BCB&numero=356...
2025-01-14 17:51:08,582 - root - INFO - Extracting data from https://www.bcb.gov.br/estabilidadefinanceira/exibenormativo?tipo=Resolu%C3%A7%C3%A3o%20BCB&numero=357...
2025-01-14 17:51:13,768 - root - INFO - Extracting data from https://www.bcb.gov.br/estabilidadefinanceira/exibenormativo?tipo=Resolu%C3%A7%C3%A3o%20BCB&numero=354...
2025-01-14 17:51:17,527 - root - INFO - Extracting data from https://www.bcb.gov.br/estabilidadefinanceira/exibenormativo?tipo=Resolu%C3%A7%C3%A3o%20BCB&numero=355...
2025-01-14 17:51:28,287 - root - INFO - Extracting data from https://www.bcb.gov.br/estabilidadefinanceira/exibenormativo?tipo=Resolu%C3%A7%C3%A3o%20BCB&numero=352...
2025-01-14 17:51:53,417 - root - INFO - Extracting data from https://www.bcb.gov.br/estabilidadefinanceira/exibenormativo?tipo=Resolu%C3%A7%C3%A3o%20BCB&numero=353...
2025-01-14 17:51:58,616 - root - INFO - Extracting data from https://www.bcb.gov.br/estabilidadefinanceira/exibenormativo?tipo=Resolu%C3%A7%C3%A3o%20BCB&numero=351...
2025-01-14 17:52:02,652 - root - INFO - Extracting data from https://www.bcb.gov.br/estabilidadefinanceira/exibenormativo?tipo=Resolu%C3%A7%C3%A3o%20BCB&numero=350...
2025-01-14 17:52:07,252 - root - INFO - Extracting data from https://www.bcb.gov.br/estabilidadefinanceira/exibenormativo?tipo=Resolu%C3%A7%C3%A3o%20BCB&numero=349...
2025-01-14 17:52:11,151 - root - INFO - Extracting data from https://www.bcb.gov.br/estabilidadefinanceira/exibenormativo?tipo=Resolu%C3%A7%C3%A3o%20BCB&numero=347...
2025-01-14 17:52:17,176 - root - INFO - Extracting data from https://www.bcb.gov.br/estabilidadefinanceira/exibenormativo?tipo=Resolu%C3%A7%C3%A3o%20BCB&numero=348...
2025-01-14 17:52:22,287 - root - INFO - Extracting data from https://www.bcb.gov.br/estabilidadefinanceira/exibenormativo?tipo=Resolu%C3%A7%C3%A3o%20BCB&numero=346...
2025-01-14 17:52:25,709 - root - INFO - Extracting data from https://www.bcb.gov.br/estabilidadefinanceira/exibenormativo?tipo=Resolu%C3%A7%C3%A3o%20BCB&numero=345...
2025-01-14 17:52:30,379 - root - INFO - Extracting data from https://www.bcb.gov.br/estabilidadefinanceira/exibenormativo?tipo=Resolu%C3%A7%C3%A3o%20BCB&numero=344...
2025-01-14 17:52:35,618 - root - INFO - Extracting data from https://www.bcb.gov.br/estabilidadefinanceira/exibenormativo?tipo=Resolu%C3%A7%C3%A3o%20BCB&numero=343...
2025-01-14 17:52:41,321 - root - INFO - Extracting data from https://www.bcb.gov.br/estabilidadefinanceira/exibenormativo?tipo=Resolu%C3%A7%C3%A3o%20BCB&numero=342...
2025-01-14 17:52:47,755 - root - INFO - Extracting data from https://www.bcb.gov.br/estabilidadefinanceira/exibenormativo?tipo=Resolu%C3%A7%C3%A3o%20BCB&numero=340...
2025-01-14 17:53:49,043 - root - INFO - Extracting data from https://www.bcb.gov.br/estabilidadefinanceira/exibenormativo?tipo=Resolu%C3%A7%C3%A3o%20BCB&numero=341...
2025-01-14 17:54:01,380 - root - INFO - Extracting data from https://www.bcb.gov.br/estabilidadefinanceira/exibenormativo?tipo=Resolu%C3%A7%C3%A3o%20BCB&numero=339...
2025-01-14 17:54:16,752 - root - INFO - Extracting data from https://www.bcb.gov.br/estabilidadefinanceira/exibenormativo?tipo=Resolu%C3%A7%C3%A3o%20BCB&numero=338...
2025-01-14 17:54:22,178 - root - INFO - Extracting data from https://www.bcb.gov.br/estabilidadefinanceira/exibenormativo?tipo=Resolu%C3%A7%C3%A3o%20BCB&numero=337...
2025-01-14 17:54:41,173 - root - INFO - Extracting data from https://www.bcb.gov.br/estabilidadefinanceira/exibenormativo?tipo=Resolu%C3%A7%C3%A3o%20BCB&numero=336...
2025-01-14 17:54:47,383 - root - INFO - Extracting data from https://www.bcb.gov.br/estabilidadefinanceira/exibenormativo?tipo=Resolu%C3%A7%C3%A3o%20BCB&numero=335...
2025-01-14 17:54:51,313 - root - INFO - Extracting data from https://www.bcb.gov.br/estabilidadefinanceira/exibenormativo?tipo=Resolu%C3%A7%C3%A3o%20BCB&numero=334...
2025-01-14 17:54:56,587 - root - INFO - Extracting data from https://www.bcb.gov.br/estabilidadefinanceira/exibenormativo?tipo=Resolu%C3%A7%C3%A3o%20BCB&numero=333...
2025-01-14 17:55:01,147 - root - INFO - Extracting data from https://www.bcb.gov.br/estabilidadefinanceira/exibenormativo?tipo=Resolu%C3%A7%C3%A3o%20BCB&numero=332...
2025-01-14 17:55:05,839 - root - INFO - Extracting data from https://www.bcb.gov.br/estabilidadefinanceira/exibenormativo?tipo=Resolu%C3%A7%C3%A3o%20BCB&numero=331...
2025-01-14 17:55:12,297 - root - INFO - Extracting data from https://www.bcb.gov.br/estabilidadefinanceira/exibenormativo?tipo=Resolu%C3%A7%C3%A3o%20BCB&numero=330...
2025-01-14 17:55:17,037 - root - INFO - Extracting data from https://www.bcb.gov.br/estabilidadefinanceira/exibenormativo?tipo=Resolu%C3%A7%C3%A3o%20BCB&numero=329...
2025-01-14 17:55:22,119 - root - INFO - Extracting data from https://www.bcb.gov.br/estabilidadefinanceira/exibenormativo?tipo=Resolu%C3%A7%C3%A3o%20BCB&numero=328...
2025-01-14 17:55:26,413 - root - INFO - Extracting data from https://www.bcb.gov.br/estabilidadefinanceira/exibenormativo?tipo=Resolu%C3%A7%C3%A3o%20BCB&numero=326...
2025-01-14 17:55:31,645 - root - INFO - Extracting data from https://www.bcb.gov.br/estabilidadefinanceira/exibenormativo?tipo=Resolu%C3%A7%C3%A3o%20BCB&numero=327...
2025-01-14 17:55:36,038 - root - INFO - Extracting data from https://www.bcb.gov.br/estabilidadefinanceira/exibenormativo?tipo=Resolu%C3%A7%C3%A3o%20BCB&numero=325...
2025-01-14 17:55:40,547 - root - INFO - Extracting data from https://www.bcb.gov.br/estabilidadefinanceira/exibenormativo?tipo=Resolu%C3%A7%C3%A3o%20BCB&numero=323...
2025-01-14 17:55:46,852 - root - INFO - Extracting data from https://www.bcb.gov.br/estabilidadefinanceira/exibenormativo?tipo=Resolu%C3%A7%C3%A3o%20BCB&numero=324...
2025-01-14 17:55:52,803 - root - INFO - Extracting data from https://www.bcb.gov.br/estabilidadefinanceira/exibenormativo?tipo=Resolu%C3%A7%C3%A3o%20BCB&numero=322...
2025-01-14 17:55:56,907 - root - INFO - Extracting data from https://www.bcb.gov.br/estabilidadefinanceira/exibenormativo?tipo=Resolu%C3%A7%C3%A3o%20BCB&numero=321...
2025-01-14 17:56:01,122 - root - INFO - Extracting data from https://www.bcb.gov.br/estabilidadefinanceira/exibenormativo?tipo=Resolu%C3%A7%C3%A3o%20BCB&numero=320...
2025-01-14 17:56:04,775 - root - INFO - Extracting data from https://www.bcb.gov.br/estabilidadefinanceira/exibenormativo?tipo=Resolu%C3%A7%C3%A3o%20BCB&numero=319...
2025-01-14 17:56:13,525 - root - INFO - Extracting data from https://www.bcb.gov.br/estabilidadefinanceira/exibenormativo?tipo=Resolu%C3%A7%C3%A3o%20BCB&numero=318...
2025-01-14 17:56:20,890 - root - INFO - Extracting data from https://www.bcb.gov.br/estabilidadefinanceira/exibenormativo?tipo=Resolu%C3%A7%C3%A3o%20BCB&numero=317...
2025-01-14 17:56:35,698 - root - INFO - Extracting data from https://www.bcb.gov.br/estabilidadefinanceira/exibenormativo?tipo=Resolu%C3%A7%C3%A3o%20BCB&numero=316...
2025-01-14 17:56:41,198 - root - INFO - Extracting data from https://www.bcb.gov.br/estabilidadefinanceira/exibenormativo?tipo=Resolu%C3%A7%C3%A3o%20BCB&numero=315...
2025-01-14 17:56:50,058 - root - INFO - Extracting data from https://www.bcb.gov.br/estabilidadefinanceira/exibenormativo?tipo=Resolu%C3%A7%C3%A3o%20BCB&numero=314...
2025-01-14 17:56:59,372 - root - INFO - Extracting data from https://www.bcb.gov.br/estabilidadefinanceira/exibenormativo?tipo=Resolu%C3%A7%C3%A3o%20BCB&numero=313...
2025-01-14 17:57:08,882 - root - INFO - Extracting data from https://www.bcb.gov.br/estabilidadefinanceira/exibenormativo?tipo=Resolu%C3%A7%C3%A3o%20BCB&numero=312...
2025-01-14 17:57:12,385 - root - INFO - Extracting data from https://www.bcb.gov.br/estabilidadefinanceira/exibenormativo?tipo=Resolu%C3%A7%C3%A3o%20BCB&numero=311...
2025-01-14 17:57:16,747 - root - INFO - Extracting data from https://www.bcb.gov.br/estabilidadefinanceira/exibenormativo?tipo=Resolu%C3%A7%C3%A3o%20BCB&numero=310...
2025-01-14 17:57:21,218 - root - INFO - Extracting data from https://www.bcb.gov.br/estabilidadefinanceira/exibenormativo?tipo=Resolu%C3%A7%C3%A3o%20BCB&numero=309...
2025-01-14 17:57:30,163 - root - INFO - Extracting data from https://www.bcb.gov.br/estabilidadefinanceira/exibenormativo?tipo=Resolu%C3%A7%C3%A3o%20BCB&numero=308...
2025-01-14 17:57:38,259 - root - INFO - Extracting data from https://www.bcb.gov.br/estabilidadefinanceira/exibenormativo?tipo=Resolu%C3%A7%C3%A3o%20BCB&numero=307...
2025-01-14 17:57:42,281 - root - INFO - Extracting data from https://www.bcb.gov.br/estabilidadefinanceira/exibenormativo?tipo=Resolu%C3%A7%C3%A3o%20BCB&numero=305...
2025-01-14 17:57:45,984 - root - INFO - Extracting data from https://www.bcb.gov.br/estabilidadefinanceira/exibenormativo?tipo=Resolu%C3%A7%C3%A3o%20BCB&numero=306...
2025-01-14 17:57:52,979 - root - INFO - Extracting data from https://www.bcb.gov.br/estabilidadefinanceira/exibenormativo?tipo=Resolu%C3%A7%C3%A3o%20BCB&numero=304...
2025-01-14 17:58:15,744 - root - INFO - Extracting data from https://www.bcb.gov.br/estabilidadefinanceira/exibenormativo?tipo=Resolu%C3%A7%C3%A3o%20BCB&numero=303...
2025-01-14 17:58:31,445 - root - INFO - Extracting data from https://www.bcb.gov.br/estabilidadefinanceira/exibenormativo?tipo=Resolu%C3%A7%C3%A3o%20BCB&numero=302...
2025-01-14 17:58:37,498 - root - INFO - Extracting data from https://www.bcb.gov.br/estabilidadefinanceira/exibenormativo?tipo=Resolu%C3%A7%C3%A3o%20BCB&numero=301...
2025-01-14 17:58:42,518 - root - INFO - Extracting data from https://www.bcb.gov.br/estabilidadefinanceira/exibenormativo?tipo=Resolu%C3%A7%C3%A3o%20BCB&numero=300...
2025-01-14 17:58:46,748 - root - INFO - Extracting data from https://www.bcb.gov.br/estabilidadefinanceira/exibenormativo?tipo=Resolu%C3%A7%C3%A3o%20BCB&numero=299...
2025-01-14 17:58:52,407 - root - INFO - Extracting data from https://www.bcb.gov.br/estabilidadefinanceira/exibenormativo?tipo=Resolu%C3%A7%C3%A3o%20BCB&numero=298...
2025-01-14 17:58:56,680 - root - INFO - Extracting data from https://www.bcb.gov.br/estabilidadefinanceira/exibenormativo?tipo=Resolu%C3%A7%C3%A3o%20BCB&numero=297...
2025-01-14 17:59:01,703 - root - INFO - Extracting data from https://www.bcb.gov.br/estabilidadefinanceira/exibenormativo?tipo=Resolu%C3%A7%C3%A3o%20BCB&numero=295...
2025-01-14 17:59:05,413 - root - INFO - Extracting data from https://www.bcb.gov.br/estabilidadefinanceira/exibenormativo?tipo=Resolu%C3%A7%C3%A3o%20BCB&numero=296...
2025-01-14 17:59:10,179 - root - INFO - Extracting data from https://www.bcb.gov.br/estabilidadefinanceira/exibenormativo?tipo=Resolu%C3%A7%C3%A3o%20BCB&numero=294...
2025-01-14 17:59:15,569 - root - INFO - Extracting data from https://www.bcb.gov.br/estabilidadefinanceira/exibenormativo?tipo=Resolu%C3%A7%C3%A3o%20BCB&numero=293...
2025-01-14 17:59:20,598 - root - INFO - Extracting data from https://www.bcb.gov.br/estabilidadefinanceira/exibenormativo?tipo=Resolu%C3%A7%C3%A3o%20BCB&numero=292...
2025-01-14 17:59:25,150 - root - INFO - Extracting data from https://www.bcb.gov.br/estabilidadefinanceira/exibenormativo?tipo=Resolu%C3%A7%C3%A3o%20BCB&numero=291...
2025-01-14 17:59:29,886 - root - INFO - Extracting data from https://www.bcb.gov.br/estabilidadefinanceira/exibenormativo?tipo=Resolu%C3%A7%C3%A3o%20BCB&numero=290...
2025-01-14 17:59:33,655 - root - INFO - Extracting data from https://www.bcb.gov.br/estabilidadefinanceira/exibenormativo?tipo=Resolu%C3%A7%C3%A3o%20BCB&numero=289...
2025-01-14 17:59:37,233 - root - INFO - Extracting data from https://www.bcb.gov.br/estabilidadefinanceira/exibenormativo?tipo=Resolu%C3%A7%C3%A3o%20BCB&numero=288...
2025-01-14 17:59:42,449 - root - INFO - Extracting data from https://www.bcb.gov.br/estabilidadefinanceira/exibenormativo?tipo=Resolu%C3%A7%C3%A3o%20BCB&numero=287...
2025-01-14 17:59:49,488 - root - INFO - Extracting data from https://www.bcb.gov.br/estabilidadefinanceira/exibenormativo?tipo=Resolu%C3%A7%C3%A3o%20BCB&numero=286...
2025-01-14 17:59:55,042 - root - INFO - Extracting data from https://www.bcb.gov.br/estabilidadefinanceira/exibenormativo?tipo=Resolu%C3%A7%C3%A3o%20BCB&numero=285...
2025-01-14 18:00:07,587 - root - INFO - Extracting data from https://www.bcb.gov.br/estabilidadefinanceira/exibenormativo?tipo=Resolu%C3%A7%C3%A3o%20BCB&numero=284...
2025-01-14 18:00:12,218 - root - INFO - Extracting data from https://www.bcb.gov.br/estabilidadefinanceira/exibenormativo?tipo=Resolu%C3%A7%C3%A3o%20BCB&numero=283...
2025-01-14 18:00:16,481 - root - INFO - Extracting data from https://www.bcb.gov.br/estabilidadefinanceira/exibenormativo?tipo=Resolu%C3%A7%C3%A3o%20BCB&numero=282...
2025-01-14 18:00:20,135 - root - INFO - Extracting data from https://www.bcb.gov.br/estabilidadefinanceira/exibenormativo?tipo=Resolu%C3%A7%C3%A3o%20BCB&numero=281...
2025-01-14 18:00:26,146 - root - INFO - Extracting data from https://www.bcb.gov.br/estabilidadefinanceira/exibenormativo?tipo=Resolu%C3%A7%C3%A3o%20BCB&numero=279...
2025-01-14 18:00:31,348 - root - INFO - Extracting data from https://www.bcb.gov.br/estabilidadefinanceira/exibenormativo?tipo=Resolu%C3%A7%C3%A3o%20BCB&numero=280...
2025-01-14 18:00:34,914 - root - INFO - Extracting data from https://www.bcb.gov.br/estabilidadefinanceira/exibenormativo?tipo=Resolu%C3%A7%C3%A3o%20BCB&numero=278...
2025-01-14 18:00:45,851 - root - INFO - Extracting data from https://www.bcb.gov.br/estabilidadefinanceira/exibenormativo?tipo=Resolu%C3%A7%C3%A3o%20BCB&numero=277...
2025-01-14 18:01:07,156 - root - INFO - Extracting data from https://www.bcb.gov.br/estabilidadefinanceira/exibenormativo?tipo=Resolu%C3%A7%C3%A3o%20BCB&numero=275...
2025-01-14 18:01:11,864 - root - INFO - Extracting data from https://www.bcb.gov.br/estabilidadefinanceira/exibenormativo?tipo=Resolu%C3%A7%C3%A3o%20BCB&numero=276...
2025-01-14 18:01:15,677 - root - INFO - Extracting data from https://www.bcb.gov.br/estabilidadefinanceira/exibenormativo?tipo=Resolu%C3%A7%C3%A3o%20BCB&numero=274...
2025-01-14 18:01:20,467 - root - INFO - Extracting data from https://www.bcb.gov.br/estabilidadefinanceira/exibenormativo?tipo=Resolu%C3%A7%C3%A3o%20BCB&numero=273...
2025-01-14 18:01:25,206 - root - INFO - Extracting data from https://www.bcb.gov.br/estabilidadefinanceira/exibenormativo?tipo=Resolu%C3%A7%C3%A3o%20BCB&numero=272...
2025-01-14 18:01:30,127 - root - INFO - Extracting data from https://www.bcb.gov.br/estabilidadefinanceira/exibenormativo?tipo=Resolu%C3%A7%C3%A3o%20BCB&numero=271...
2025-01-14 18:01:34,059 - root - INFO - Extracting data from https://www.bcb.gov.br/estabilidadefinanceira/exibenormativo?tipo=Resolu%C3%A7%C3%A3o%20BCB&numero=270...
2025-01-14 18:01:38,238 - root - INFO - Extracting data from https://www.bcb.gov.br/estabilidadefinanceira/exibenormativo?tipo=Resolu%C3%A7%C3%A3o%20BCB&numero=268...
2025-01-14 18:01:41,701 - root - INFO - Extracting data from https://www.bcb.gov.br/estabilidadefinanceira/exibenormativo?tipo=Resolu%C3%A7%C3%A3o%20BCB&numero=269...
2025-01-14 18:01:47,215 - root - INFO - Extracting data from https://www.bcb.gov.br/estabilidadefinanceira/exibenormativo?tipo=Resolu%C3%A7%C3%A3o%20BCB&numero=267...
2025-01-14 18:01:52,699 - root - INFO - Extracting data from https://www.bcb.gov.br/estabilidadefinanceira/exibenormativo?tipo=Resolu%C3%A7%C3%A3o%20BCB&numero=266...
2025-01-14 18:02:00,924 - root - INFO - Extracting data from https://www.bcb.gov.br/estabilidadefinanceira/exibenormativo?tipo=Resolu%C3%A7%C3%A3o%20BCB&numero=265...
2025-01-14 18:02:16,448 - root - INFO - Extracting data from https://www.bcb.gov.br/estabilidadefinanceira/exibenormativo?tipo=Resolu%C3%A7%C3%A3o%20BCB&numero=264...
2025-01-14 18:02:23,653 - root - INFO - Extracting data from https://www.bcb.gov.br/estabilidadefinanceira/exibenormativo?tipo=Resolu%C3%A7%C3%A3o%20BCB&numero=263...
2025-01-14 18:02:32,660 - root - INFO - Extracting data from https://www.bcb.gov.br/estabilidadefinanceira/exibenormativo?tipo=Resolu%C3%A7%C3%A3o%20BCB&numero=262...
2025-01-14 18:02:37,161 - root - INFO - Extracting data from https://www.bcb.gov.br/estabilidadefinanceira/exibenormativo?tipo=Resolu%C3%A7%C3%A3o%20BCB&numero=260...
2025-01-14 18:02:47,178 - root - INFO - Extracting data from https://www.bcb.gov.br/estabilidadefinanceira/exibenormativo?tipo=Resolu%C3%A7%C3%A3o%20BCB&numero=261...
2025-01-14 18:02:52,073 - root - INFO - Extracting data from https://www.bcb.gov.br/estabilidadefinanceira/exibenormativo?tipo=Resolu%C3%A7%C3%A3o%20BCB&numero=259...
2025-01-14 18:02:57,305 - root - INFO - Extracting data from https://www.bcb.gov.br/estabilidadefinanceira/exibenormativo?tipo=Resolu%C3%A7%C3%A3o%20BCB&numero=258...
2025-01-14 18:03:01,134 - root - INFO - Extracting data from https://www.bcb.gov.br/estabilidadefinanceira/exibenormativo?tipo=Resolu%C3%A7%C3%A3o%20BCB&numero=257...
2025-01-14 18:03:04,909 - root - INFO - Extracting data from https://www.bcb.gov.br/estabilidadefinanceira/exibenormativo?tipo=Resolu%C3%A7%C3%A3o%20BCB&numero=256...
2025-01-14 18:03:09,504 - root - INFO - Extracting data from https://www.bcb.gov.br/estabilidadefinanceira/exibenormativo?tipo=Resolu%C3%A7%C3%A3o%20BCB&numero=255...
2025-01-14 18:03:14,322 - root - INFO - Extracting data from https://www.bcb.gov.br/estabilidadefinanceira/exibenormativo?tipo=Resolu%C3%A7%C3%A3o%20BCB&numero=254...
2025-01-14 18:03:19,473 - root - INFO - Extracting data from https://www.bcb.gov.br/estabilidadefinanceira/exibenormativo?tipo=Resolu%C3%A7%C3%A3o%20BCB&numero=253...
2025-01-14 18:03:24,560 - root - INFO - Extracting data from https://www.bcb.gov.br/estabilidadefinanceira/exibenormativo?tipo=Resolu%C3%A7%C3%A3o%20BCB&numero=252...
2025-01-14 18:03:36,264 - root - INFO - Extracting data from https://www.bcb.gov.br/estabilidadefinanceira/exibenormativo?tipo=Resolu%C3%A7%C3%A3o%20BCB&numero=251...
2025-01-14 18:03:40,096 - root - INFO - Extracting data from https://www.bcb.gov.br/estabilidadefinanceira/exibenormativo?tipo=Resolu%C3%A7%C3%A3o%20BCB&numero=250...
2025-01-14 18:03:47,278 - root - INFO - Extracting data from https://www.bcb.gov.br/estabilidadefinanceira/exibenormativo?tipo=Resolu%C3%A7%C3%A3o%20BCB&numero=248...
2025-01-14 18:03:51,061 - root - INFO - Extracting data from https://www.bcb.gov.br/estabilidadefinanceira/exibenormativo?tipo=Resolu%C3%A7%C3%A3o%20BCB&numero=249...
2025-01-14 18:03:57,626 - root - INFO - Extracting data from https://www.bcb.gov.br/estabilidadefinanceira/exibenormativo?tipo=Resolu%C3%A7%C3%A3o%20BCB&numero=247...
2025-01-14 18:04:02,427 - root - INFO - Extracting data from https://www.bcb.gov.br/estabilidadefinanceira/exibenormativo?tipo=Resolu%C3%A7%C3%A3o%20BCB&numero=246...
2025-01-14 18:04:06,469 - root - INFO - Extracting data from https://www.bcb.gov.br/estabilidadefinanceira/exibenormativo?tipo=Resolu%C3%A7%C3%A3o%20BCB&numero=244...
2025-01-14 18:04:11,642 - root - INFO - Extracting data from https://www.bcb.gov.br/estabilidadefinanceira/exibenormativo?tipo=Resolu%C3%A7%C3%A3o%20BCB&numero=245...
2025-01-14 18:04:15,371 - root - INFO - Extracting data from https://www.bcb.gov.br/estabilidadefinanceira/exibenormativo?tipo=Resolu%C3%A7%C3%A3o%20BCB&numero=243...
2025-01-14 18:04:20,174 - root - INFO - Extracting data from https://www.bcb.gov.br/estabilidadefinanceira/exibenormativo?tipo=Resolu%C3%A7%C3%A3o%20BCB&numero=242...
2025-01-14 18:04:23,879 - root - INFO - Extracting data from https://www.bcb.gov.br/estabilidadefinanceira/exibenormativo?tipo=Resolu%C3%A7%C3%A3o%20BCB&numero=241...
2025-01-14 18:04:27,976 - root - INFO - Extracting data from https://www.bcb.gov.br/estabilidadefinanceira/exibenormativo?tipo=Resolu%C3%A7%C3%A3o%20BCB&numero=240...
2025-01-14 18:04:32,749 - root - INFO - Extracting data from https://www.bcb.gov.br/estabilidadefinanceira/exibenormativo?tipo=Resolu%C3%A7%C3%A3o%20BCB&numero=239...
2025-01-14 18:04:37,322 - root - INFO - Extracting data from https://www.bcb.gov.br/estabilidadefinanceira/exibenormativo?tipo=Resolu%C3%A7%C3%A3o%20BCB&numero=238...
2025-01-14 18:04:40,858 - root - INFO - Extracting data from https://www.bcb.gov.br/estabilidadefinanceira/exibenormativo?tipo=Resolu%C3%A7%C3%A3o%20BCB&numero=237...
2025-01-14 18:04:45,380 - root - INFO - Extracting data from https://www.bcb.gov.br/estabilidadefinanceira/exibenormativo?tipo=Resolu%C3%A7%C3%A3o%20BCB&numero=236...
2025-01-14 18:04:50,997 - root - INFO - Extracting data from https://www.bcb.gov.br/estabilidadefinanceira/exibenormativo?tipo=Resolu%C3%A7%C3%A3o%20BCB&numero=234...
2025-01-14 18:04:56,566 - root - INFO - Extracting data from https://www.bcb.gov.br/estabilidadefinanceira/exibenormativo?tipo=Resolu%C3%A7%C3%A3o%20BCB&numero=235...
2025-01-14 18:05:00,729 - root - INFO - Extracting data from https://www.bcb.gov.br/estabilidadefinanceira/exibenormativo?tipo=Resolu%C3%A7%C3%A3o%20BCB&numero=232...
2025-01-14 18:05:04,186 - root - INFO - Extracting data from https://www.bcb.gov.br/estabilidadefinanceira/exibenormativo?tipo=Resolu%C3%A7%C3%A3o%20BCB&numero=233...
2025-01-14 18:05:09,557 - root - INFO - Extracting data from https://www.bcb.gov.br/estabilidadefinanceira/exibenormativo?tipo=Resolu%C3%A7%C3%A3o%20BCB&numero=231...
2025-01-14 18:05:13,722 - root - INFO - Extracting data from https://www.bcb.gov.br/estabilidadefinanceira/exibenormativo?tipo=Resolu%C3%A7%C3%A3o%20BCB&numero=230...
2025-01-14 18:05:18,594 - root - INFO - Extracting data from https://www.bcb.gov.br/estabilidadefinanceira/exibenormativo?tipo=Resolu%C3%A7%C3%A3o%20BCB&numero=229...
2025-01-14 18:05:44,139 - root - INFO - Extracting data from https://www.bcb.gov.br/estabilidadefinanceira/exibenormativo?tipo=Resolu%C3%A7%C3%A3o%20BCB&numero=228...
2025-01-14 18:05:47,837 - root - INFO - Extracting data from https://www.bcb.gov.br/estabilidadefinanceira/exibenormativo?tipo=Resolu%C3%A7%C3%A3o%20BCB&numero=227...
2025-01-14 18:05:51,799 - root - INFO - Extracting data from https://www.bcb.gov.br/estabilidadefinanceira/exibenormativo?tipo=Resolu%C3%A7%C3%A3o%20BCB&numero=226...
2025-01-14 18:05:55,377 - root - INFO - Extracting data from https://www.bcb.gov.br/estabilidadefinanceira/exibenormativo?tipo=Resolu%C3%A7%C3%A3o%20BCB&numero=225...
2025-01-14 18:06:00,545 - root - INFO - Extracting data from https://www.bcb.gov.br/estabilidadefinanceira/exibenormativo?tipo=Resolu%C3%A7%C3%A3o%20BCB&numero=224...
2025-01-14 18:06:04,834 - root - INFO - Extracting data from https://www.bcb.gov.br/estabilidadefinanceira/exibenormativo?tipo=Resolu%C3%A7%C3%A3o%20BCB&numero=223...
2025-01-14 18:06:08,575 - root - INFO - Extracting data from https://www.bcb.gov.br/estabilidadefinanceira/exibenormativo?tipo=Resolu%C3%A7%C3%A3o%20BCB&numero=222...
2025-01-14 18:06:13,595 - root - INFO - Extracting data from https://www.bcb.gov.br/estabilidadefinanceira/exibenormativo?tipo=Resolu%C3%A7%C3%A3o%20BCB&numero=221...
2025-01-14 18:06:17,774 - root - INFO - Extracting data from https://www.bcb.gov.br/estabilidadefinanceira/exibenormativo?tipo=Resolu%C3%A7%C3%A3o%20BCB&numero=220...
2025-01-14 18:06:21,582 - root - INFO - Extracting data from https://www.bcb.gov.br/estabilidadefinanceira/exibenormativo?tipo=Resolu%C3%A7%C3%A3o%20BCB&numero=219...
2025-01-14 18:06:33,782 - root - INFO - Extracting data from https://www.bcb.gov.br/estabilidadefinanceira/exibenormativo?tipo=Resolu%C3%A7%C3%A3o%20BCB&numero=218...
2025-01-14 18:06:37,787 - root - INFO - Extracting data from https://www.bcb.gov.br/estabilidadefinanceira/exibenormativo?tipo=Resolu%C3%A7%C3%A3o%20BCB&numero=217...
2025-01-14 18:06:42,926 - root - INFO - Extracting data from https://www.bcb.gov.br/estabilidadefinanceira/exibenormativo?tipo=Resolu%C3%A7%C3%A3o%20BCB&numero=216...
2025-01-14 18:06:46,946 - root - INFO - Extracting data from https://www.bcb.gov.br/estabilidadefinanceira/exibenormativo?tipo=Resolu%C3%A7%C3%A3o%20BCB&numero=215...
2025-01-14 18:06:50,378 - root - INFO - Extracting data from https://www.bcb.gov.br/estabilidadefinanceira/exibenormativo?tipo=Resolu%C3%A7%C3%A3o%20BCB&numero=214...
2025-01-14 18:06:54,055 - root - INFO - Extracting data from https://www.bcb.gov.br/estabilidadefinanceira/exibenormativo?tipo=Resolu%C3%A7%C3%A3o%20BCB&numero=213...
2025-01-14 18:06:57,613 - root - INFO - Extracting data from https://www.bcb.gov.br/estabilidadefinanceira/exibenormativo?tipo=Resolu%C3%A7%C3%A3o%20BCB&numero=212...
2025-01-14 18:07:03,261 - root - INFO - Extracting data from https://www.bcb.gov.br/estabilidadefinanceira/exibenormativo?tipo=Resolu%C3%A7%C3%A3o%20BCB&numero=211...
2025-01-14 18:07:07,542 - root - INFO - Extracting data from https://www.bcb.gov.br/estabilidadefinanceira/exibenormativo?tipo=Resolu%C3%A7%C3%A3o%20BCB&numero=210...
2025-01-14 18:07:14,341 - root - INFO - Extracting data from https://www.bcb.gov.br/estabilidadefinanceira/exibenormativo?tipo=Resolu%C3%A7%C3%A3o%20BCB&numero=209...
2025-01-14 18:07:19,030 - root - INFO - Extracting data from https://www.bcb.gov.br/estabilidadefinanceira/exibenormativo?tipo=Resolu%C3%A7%C3%A3o%20BCB&numero=208...
2025-01-14 18:07:25,136 - root - INFO - Extracting data from https://www.bcb.gov.br/estabilidadefinanceira/exibenormativo?tipo=Resolu%C3%A7%C3%A3o%20BCB&numero=207...
2025-01-14 18:07:30,614 - root - INFO - Extracting data from https://www.bcb.gov.br/estabilidadefinanceira/exibenormativo?tipo=Resolu%C3%A7%C3%A3o%20BCB&numero=206...
2025-01-14 18:07:34,567 - root - INFO - Extracting data from https://www.bcb.gov.br/estabilidadefinanceira/exibenormativo?tipo=Resolu%C3%A7%C3%A3o%20BCB&numero=205...
2025-01-14 18:07:38,400 - root - INFO - Extracting data from https://www.bcb.gov.br/estabilidadefinanceira/exibenormativo?tipo=Resolu%C3%A7%C3%A3o%20BCB&numero=204...
2025-01-14 18:07:43,486 - root - INFO - Extracting data from https://www.bcb.gov.br/estabilidadefinanceira/exibenormativo?tipo=Resolu%C3%A7%C3%A3o%20BCB&numero=203...
2025-01-14 18:07:48,408 - root - INFO - Extracting data from https://www.bcb.gov.br/estabilidadefinanceira/exibenormativo?tipo=Resolu%C3%A7%C3%A3o%20BCB&numero=202...
2025-01-14 18:07:52,871 - root - INFO - Extracting data from https://www.bcb.gov.br/estabilidadefinanceira/exibenormativo?tipo=Resolu%C3%A7%C3%A3o%20BCB&numero=201...
2025-01-14 18:08:08,241 - root - INFO - Extracting data from https://www.bcb.gov.br/estabilidadefinanceira/exibenormativo?tipo=Resolu%C3%A7%C3%A3o%20BCB&numero=199...
2025-01-14 18:08:19,266 - root - INFO - Extracting data from https://www.bcb.gov.br/estabilidadefinanceira/exibenormativo?tipo=Resolu%C3%A7%C3%A3o%20BCB&numero=200...
2025-01-14 18:08:25,862 - root - INFO - Extracting data from https://www.bcb.gov.br/estabilidadefinanceira/exibenormativo?tipo=Resolu%C3%A7%C3%A3o%20BCB&numero=198...
2025-01-14 18:08:34,672 - root - INFO - Extracting data from https://www.bcb.gov.br/estabilidadefinanceira/exibenormativo?tipo=Resolu%C3%A7%C3%A3o%20BCB&numero=197...
2025-01-14 18:08:38,945 - root - INFO - Extracting data from https://www.bcb.gov.br/estabilidadefinanceira/exibenormativo?tipo=Resolu%C3%A7%C3%A3o%20BCB&numero=196...
2025-01-14 18:08:43,416 - root - INFO - Extracting data from https://www.bcb.gov.br/estabilidadefinanceira/exibenormativo?tipo=Resolu%C3%A7%C3%A3o%20BCB&numero=195...
2025-01-14 18:08:52,206 - root - INFO - Extracting data from https://www.bcb.gov.br/estabilidadefinanceira/exibenormativo?tipo=Resolu%C3%A7%C3%A3o%20BCB&numero=194...
2025-01-14 18:08:58,338 - root - INFO - Extracting data from https://www.bcb.gov.br/estabilidadefinanceira/exibenormativo?tipo=Resolu%C3%A7%C3%A3o%20BCB&numero=193...
2025-01-14 18:09:03,003 - root - INFO - Extracting data from https://www.bcb.gov.br/estabilidadefinanceira/exibenormativo?tipo=Resolu%C3%A7%C3%A3o%20BCB&numero=191...
2025-01-14 18:09:07,408 - root - INFO - Extracting data from https://www.bcb.gov.br/estabilidadefinanceira/exibenormativo?tipo=Resolu%C3%A7%C3%A3o%20BCB&numero=192...
2025-01-14 18:09:11,376 - root - INFO - Extracting data from https://www.bcb.gov.br/estabilidadefinanceira/exibenormativo?tipo=Resolu%C3%A7%C3%A3o%20BCB&numero=189...
2025-01-14 18:09:17,094 - root - INFO - Extracting data from https://www.bcb.gov.br/estabilidadefinanceira/exibenormativo?tipo=Resolu%C3%A7%C3%A3o%20BCB&numero=190...
2025-01-14 18:09:20,641 - root - INFO - Extracting data from https://www.bcb.gov.br/estabilidadefinanceira/exibenormativo?tipo=Resolu%C3%A7%C3%A3o%20BCB&numero=188...
2025-01-14 18:09:27,304 - root - INFO - Extracting data from https://www.bcb.gov.br/estabilidadefinanceira/exibenormativo?tipo=Resolu%C3%A7%C3%A3o%20BCB&numero=187...
2025-01-14 18:09:31,770 - root - INFO - Extracting data from https://www.bcb.gov.br/estabilidadefinanceira/exibenormativo?tipo=Resolu%C3%A7%C3%A3o%20BCB&numero=185...
2025-01-14 18:09:35,299 - root - INFO - Extracting data from https://www.bcb.gov.br/estabilidadefinanceira/exibenormativo?tipo=Resolu%C3%A7%C3%A3o%20BCB&numero=186...
2025-01-14 18:09:38,730 - root - INFO - Extracting data from https://www.bcb.gov.br/estabilidadefinanceira/exibenormativo?tipo=Resolu%C3%A7%C3%A3o%20BCB&numero=184...
2025-01-14 18:09:42,290 - root - INFO - Extracting data from https://www.bcb.gov.br/estabilidadefinanceira/exibenormativo?tipo=Resolu%C3%A7%C3%A3o%20BCB&numero=183...
2025-01-14 18:09:47,116 - root - INFO - Extracting data from https://www.bcb.gov.br/estabilidadefinanceira/exibenormativo?tipo=Resolu%C3%A7%C3%A3o%20BCB&numero=181...
2025-01-14 18:09:51,077 - root - INFO - Extracting data from https://www.bcb.gov.br/estabilidadefinanceira/exibenormativo?tipo=Resolu%C3%A7%C3%A3o%20BCB&numero=182...
2025-01-14 18:09:55,986 - root - INFO - Extracting data from https://www.bcb.gov.br/estabilidadefinanceira/exibenormativo?tipo=Resolu%C3%A7%C3%A3o%20BCB&numero=180...
2025-01-14 18:10:00,773 - root - INFO - Extracting data from https://www.bcb.gov.br/estabilidadefinanceira/exibenormativo?tipo=Resolu%C3%A7%C3%A3o%20BCB&numero=179...
2025-01-14 18:10:06,024 - root - INFO - Extracting data from https://www.bcb.gov.br/estabilidadefinanceira/exibenormativo?tipo=Resolu%C3%A7%C3%A3o%20BCB&numero=178...
2025-01-14 18:10:10,297 - root - INFO - Extracting data from https://www.bcb.gov.br/estabilidadefinanceira/exibenormativo?tipo=Resolu%C3%A7%C3%A3o%20BCB&numero=177...
2025-01-14 18:10:18,796 - root - INFO - Extracting data from https://www.bcb.gov.br/estabilidadefinanceira/exibenormativo?tipo=Resolu%C3%A7%C3%A3o%20BCB&numero=176...
2025-01-14 18:10:23,072 - root - INFO - Extracting data from https://www.bcb.gov.br/estabilidadefinanceira/exibenormativo?tipo=Resolu%C3%A7%C3%A3o%20BCB&numero=175...
2025-01-14 18:10:30,332 - root - INFO - Extracting data from https://www.bcb.gov.br/estabilidadefinanceira/exibenormativo?tipo=Resolu%C3%A7%C3%A3o%20BCB&numero=174...
2025-01-14 18:10:35,921 - root - INFO - Extracting data from https://www.bcb.gov.br/estabilidadefinanceira/exibenormativo?tipo=Resolu%C3%A7%C3%A3o%20BCB&numero=173...
2025-01-14 18:10:41,448 - root - INFO - Extracting data from https://www.bcb.gov.br/estabilidadefinanceira/exibenormativo?tipo=Resolu%C3%A7%C3%A3o%20BCB&numero=172...
2025-01-14 18:10:48,897 - root - INFO - Extracting data from https://www.bcb.gov.br/estabilidadefinanceira/exibenormativo?tipo=Resolu%C3%A7%C3%A3o%20BCB&numero=171...
2025-01-14 18:10:57,042 - root - INFO - Extracting data from https://www.bcb.gov.br/estabilidadefinanceira/exibenormativo?tipo=Resolu%C3%A7%C3%A3o%20BCB&numero=170...
2025-01-14 18:11:02,162 - root - INFO - Extracting data from https://www.bcb.gov.br/estabilidadefinanceira/exibenormativo?tipo=Resolu%C3%A7%C3%A3o%20BCB&numero=169...
2025-01-14 18:11:06,734 - root - INFO - Extracting data from https://www.bcb.gov.br/estabilidadefinanceira/exibenormativo?tipo=Resolu%C3%A7%C3%A3o%20BCB&numero=168...
2025-01-14 18:11:13,957 - root - INFO - Extracting data from https://www.bcb.gov.br/estabilidadefinanceira/exibenormativo?tipo=Resolu%C3%A7%C3%A3o%20BCB&numero=167...
2025-01-14 18:11:19,335 - root - INFO - Extracting data from https://www.bcb.gov.br/estabilidadefinanceira/exibenormativo?tipo=Resolu%C3%A7%C3%A3o%20BCB&numero=166...
2025-01-14 18:11:23,132 - root - INFO - Extracting data from https://www.bcb.gov.br/estabilidadefinanceira/exibenormativo?tipo=Resolu%C3%A7%C3%A3o%20BCB&numero=165...
2025-01-14 18:11:30,039 - root - INFO - Extracting data from https://www.bcb.gov.br/estabilidadefinanceira/exibenormativo?tipo=Resolu%C3%A7%C3%A3o%20BCB&numero=164...
2025-01-14 18:11:34,277 - root - INFO - Extracting data from https://www.bcb.gov.br/estabilidadefinanceira/exibenormativo?tipo=Resolu%C3%A7%C3%A3o%20BCB&numero=163...
2025-01-14 18:11:39,145 - root - INFO - Extracting data from https://www.bcb.gov.br/estabilidadefinanceira/exibenormativo?tipo=Resolu%C3%A7%C3%A3o%20BCB&numero=161...
2025-01-14 18:11:43,996 - root - INFO - Extracting data from https://www.bcb.gov.br/estabilidadefinanceira/exibenormativo?tipo=Resolu%C3%A7%C3%A3o%20BCB&numero=162...
2025-01-14 18:11:47,785 - root - INFO - Extracting data from https://www.bcb.gov.br/estabilidadefinanceira/exibenormativo?tipo=Resolu%C3%A7%C3%A3o%20BCB&numero=160...
2025-01-14 18:11:52,244 - root - INFO - Extracting data from https://www.bcb.gov.br/estabilidadefinanceira/exibenormativo?tipo=Resolu%C3%A7%C3%A3o%20BCB&numero=159...
2025-01-14 18:11:55,995 - root - INFO - Extracting data from https://www.bcb.gov.br/estabilidadefinanceira/exibenormativo?tipo=Resolu%C3%A7%C3%A3o%20BCB&numero=158...
2025-01-14 18:12:00,294 - root - INFO - Extracting data from https://www.bcb.gov.br/estabilidadefinanceira/exibenormativo?tipo=Resolu%C3%A7%C3%A3o%20BCB&numero=157...
2025-01-14 18:12:06,036 - root - INFO - Extracting data from https://www.bcb.gov.br/estabilidadefinanceira/exibenormativo?tipo=Resolu%C3%A7%C3%A3o%20BCB&numero=156...
2025-01-14 18:12:09,869 - root - INFO - Extracting data from https://www.bcb.gov.br/estabilidadefinanceira/exibenormativo?tipo=Resolu%C3%A7%C3%A3o%20BCB&numero=155...
2025-01-14 18:12:16,510 - root - INFO - Extracting data from https://www.bcb.gov.br/estabilidadefinanceira/exibenormativo?tipo=Resolu%C3%A7%C3%A3o%20BCB&numero=154...
2025-01-14 18:12:22,327 - root - INFO - Extracting data from https://www.bcb.gov.br/estabilidadefinanceira/exibenormativo?tipo=Resolu%C3%A7%C3%A3o%20BCB&numero=153...
2025-01-14 18:12:26,632 - root - INFO - Extracting data from https://www.bcb.gov.br/estabilidadefinanceira/exibenormativo?tipo=Resolu%C3%A7%C3%A3o%20BCB&numero=152...
2025-01-14 18:12:30,862 - root - INFO - Extracting data from https://www.bcb.gov.br/estabilidadefinanceira/exibenormativo?tipo=Resolu%C3%A7%C3%A3o%20BCB&numero=151...
2025-01-14 18:12:35,802 - root - INFO - Extracting data from https://www.bcb.gov.br/estabilidadefinanceira/exibenormativo?tipo=Resolu%C3%A7%C3%A3o%20BCB&numero=150...
2025-01-14 18:12:48,156 - root - INFO - Extracting data from https://www.bcb.gov.br/estabilidadefinanceira/exibenormativo?tipo=Resolu%C3%A7%C3%A3o%20BCB&numero=149...
2025-01-14 18:12:52,847 - root - INFO - Extracting data from https://www.bcb.gov.br/estabilidadefinanceira/exibenormativo?tipo=Resolu%C3%A7%C3%A3o%20BCB&numero=148...
2025-01-14 18:12:57,172 - root - INFO - Extracting data from https://www.bcb.gov.br/estabilidadefinanceira/exibenormativo?tipo=Resolu%C3%A7%C3%A3o%20BCB&numero=146...
2025-01-14 18:13:04,467 - root - INFO - Extracting data from https://www.bcb.gov.br/estabilidadefinanceira/exibenormativo?tipo=Resolu%C3%A7%C3%A3o%20BCB&numero=147...
2025-01-14 18:13:10,539 - root - INFO - Extracting data from https://www.bcb.gov.br/estabilidadefinanceira/exibenormativo?tipo=Resolu%C3%A7%C3%A3o%20BCB&numero=144...
2025-01-14 18:13:17,654 - root - INFO - Extracting data from https://www.bcb.gov.br/estabilidadefinanceira/exibenormativo?tipo=Resolu%C3%A7%C3%A3o%20BCB&numero=145...
2025-01-14 18:13:23,984 - root - INFO - Extracting data from https://www.bcb.gov.br/estabilidadefinanceira/exibenormativo?tipo=Resolu%C3%A7%C3%A3o%20BCB&numero=143...
2025-01-14 18:13:28,517 - root - INFO - Extracting data from https://www.bcb.gov.br/estabilidadefinanceira/exibenormativo?tipo=Resolu%C3%A7%C3%A3o%20BCB&numero=142...
2025-01-14 18:13:33,602 - root - INFO - Extracting data from https://www.bcb.gov.br/estabilidadefinanceira/exibenormativo?tipo=Resolu%C3%A7%C3%A3o%20BCB&numero=141...
2025-01-14 18:13:38,412 - root - INFO - Extracting data from https://www.bcb.gov.br/estabilidadefinanceira/exibenormativo?tipo=Resolu%C3%A7%C3%A3o%20BCB&numero=140...
2025-01-14 18:13:42,706 - root - INFO - Extracting data from https://www.bcb.gov.br/estabilidadefinanceira/exibenormativo?tipo=Resolu%C3%A7%C3%A3o%20BCB&numero=139...
2025-01-14 18:13:48,145 - root - INFO - Extracting data from https://www.bcb.gov.br/estabilidadefinanceira/exibenormativo?tipo=Resolu%C3%A7%C3%A3o%20BCB&numero=138...
2025-01-14 18:13:52,446 - root - INFO - Extracting data from https://www.bcb.gov.br/estabilidadefinanceira/exibenormativo?tipo=Resolu%C3%A7%C3%A3o%20BCB&numero=137...
2025-01-14 18:14:02,523 - root - INFO - Extracting data from https://www.bcb.gov.br/estabilidadefinanceira/exibenormativo?tipo=Resolu%C3%A7%C3%A3o%20BCB&numero=136...
2025-01-14 18:14:07,655 - root - INFO - Extracting data from https://www.bcb.gov.br/estabilidadefinanceira/exibenormativo?tipo=Resolu%C3%A7%C3%A3o%20BCB&numero=135...
2025-01-14 18:14:13,685 - root - INFO - Extracting data from https://www.bcb.gov.br/estabilidadefinanceira/exibenormativo?tipo=Resolu%C3%A7%C3%A3o%20BCB&numero=134...
2025-01-14 18:14:22,646 - root - INFO - Extracting data from https://www.bcb.gov.br/estabilidadefinanceira/exibenormativo?tipo=Resolu%C3%A7%C3%A3o%20BCB&numero=133...
2025-01-14 18:14:26,273 - root - INFO - Extracting data from https://www.bcb.gov.br/estabilidadefinanceira/exibenormativo?tipo=Resolu%C3%A7%C3%A3o%20BCB&numero=132...
2025-01-14 18:14:29,968 - root - INFO - Extracting data from https://www.bcb.gov.br/estabilidadefinanceira/exibenormativo?tipo=Resolu%C3%A7%C3%A3o%20BCB&numero=131...
2025-01-14 18:14:43,062 - root - INFO - Extracting data from https://www.bcb.gov.br/estabilidadefinanceira/exibenormativo?tipo=Resolu%C3%A7%C3%A3o%20BCB&numero=130...
2025-01-14 18:14:53,167 - root - INFO - Extracting data from https://www.bcb.gov.br/estabilidadefinanceira/exibenormativo?tipo=Resolu%C3%A7%C3%A3o%20BCB&numero=129...
2025-01-14 18:14:58,305 - root - INFO - Extracting data from https://www.bcb.gov.br/estabilidadefinanceira/exibenormativo?tipo=Resolu%C3%A7%C3%A3o%20BCB&numero=128...
2025-01-14 18:15:03,977 - root - INFO - Extracting data from https://www.bcb.gov.br/estabilidadefinanceira/exibenormativo?tipo=Resolu%C3%A7%C3%A3o%20BCB&numero=127...
2025-01-14 18:15:08,472 - root - INFO - Extracting data from https://www.bcb.gov.br/estabilidadefinanceira/exibenormativo?tipo=Resolu%C3%A7%C3%A3o%20BCB&numero=125...
2025-01-14 18:15:13,231 - root - INFO - Extracting data from https://www.bcb.gov.br/estabilidadefinanceira/exibenormativo?tipo=Resolu%C3%A7%C3%A3o%20BCB&numero=126...
2025-01-14 18:15:18,713 - root - INFO - Extracting data from https://www.bcb.gov.br/estabilidadefinanceira/exibenormativo?tipo=Resolu%C3%A7%C3%A3o%20BCB&numero=124...
2025-01-14 18:15:26,085 - root - INFO - Extracting data from https://www.bcb.gov.br/estabilidadefinanceira/exibenormativo?tipo=Resolu%C3%A7%C3%A3o%20BCB&numero=123...
2025-01-14 18:15:30,545 - root - INFO - Extracting data from https://www.bcb.gov.br/estabilidadefinanceira/exibenormativo?tipo=Resolu%C3%A7%C3%A3o%20BCB&numero=122...
2025-01-14 18:15:36,964 - root - INFO - Extracting data from https://www.bcb.gov.br/estabilidadefinanceira/exibenormativo?tipo=Resolu%C3%A7%C3%A3o%20BCB&numero=121...
2025-01-14 18:15:40,669 - root - INFO - Extracting data from https://www.bcb.gov.br/estabilidadefinanceira/exibenormativo?tipo=Resolu%C3%A7%C3%A3o%20BCB&numero=120...
2025-01-14 18:15:47,761 - root - INFO - Extracting data from https://www.bcb.gov.br/estabilidadefinanceira/exibenormativo?tipo=Resolu%C3%A7%C3%A3o%20BCB&numero=119...
2025-01-14 18:15:52,154 - root - INFO - Extracting data from https://www.bcb.gov.br/estabilidadefinanceira/exibenormativo?tipo=Resolu%C3%A7%C3%A3o%20BCB&numero=118...
2025-01-14 18:15:56,697 - root - INFO - Extracting data from https://www.bcb.gov.br/estabilidadefinanceira/exibenormativo?tipo=Resolu%C3%A7%C3%A3o%20BCB&numero=117...
2025-01-14 18:16:01,563 - root - INFO - Extracting data from https://www.bcb.gov.br/estabilidadefinanceira/exibenormativo?tipo=Resolu%C3%A7%C3%A3o%20BCB&numero=115...
2025-01-14 18:16:09,643 - root - INFO - Extracting data from https://www.bcb.gov.br/estabilidadefinanceira/exibenormativo?tipo=Resolu%C3%A7%C3%A3o%20BCB&numero=116...
2025-01-14 18:16:13,661 - root - INFO - Extracting data from https://www.bcb.gov.br/estabilidadefinanceira/exibenormativo?tipo=Resolu%C3%A7%C3%A3o%20BCB&numero=114...
2025-01-14 18:16:17,314 - root - INFO - Extracting data from https://www.bcb.gov.br/estabilidadefinanceira/exibenormativo?tipo=Resolu%C3%A7%C3%A3o%20BCB&numero=113...
2025-01-14 18:16:22,974 - root - INFO - Extracting data from https://www.bcb.gov.br/estabilidadefinanceira/exibenormativo?tipo=Resolu%C3%A7%C3%A3o%20BCB&numero=112...
2025-01-14 18:16:28,055 - root - INFO - Extracting data from https://www.bcb.gov.br/estabilidadefinanceira/exibenormativo?tipo=Resolu%C3%A7%C3%A3o%20BCB&numero=111...
2025-01-14 18:16:34,812 - root - INFO - Extracting data from https://www.bcb.gov.br/estabilidadefinanceira/exibenormativo?tipo=Resolu%C3%A7%C3%A3o%20BCB&numero=110...
2025-01-14 18:16:53,544 - root - INFO - Extracting data from https://www.bcb.gov.br/estabilidadefinanceira/exibenormativo?tipo=Resolu%C3%A7%C3%A3o%20BCB&numero=108...
2025-01-14 18:17:02,691 - root - INFO - Extracting data from https://www.bcb.gov.br/estabilidadefinanceira/exibenormativo?tipo=Resolu%C3%A7%C3%A3o%20BCB&numero=109...
2025-01-14 18:17:08,209 - root - INFO - Extracting data from https://www.bcb.gov.br/estabilidadefinanceira/exibenormativo?tipo=Resolu%C3%A7%C3%A3o%20BCB&numero=106...
2025-01-14 18:17:12,358 - root - INFO - Extracting data from https://www.bcb.gov.br/estabilidadefinanceira/exibenormativo?tipo=Resolu%C3%A7%C3%A3o%20BCB&numero=107...
2025-01-14 18:17:15,972 - root - INFO - Extracting data from https://www.bcb.gov.br/estabilidadefinanceira/exibenormativo?tipo=Resolu%C3%A7%C3%A3o%20BCB&numero=105...
2025-01-14 18:17:24,259 - root - INFO - Extracting data from https://www.bcb.gov.br/estabilidadefinanceira/exibenormativo?tipo=Resolu%C3%A7%C3%A3o%20BCB&numero=103...
2025-01-14 18:17:29,699 - root - INFO - Extracting data from https://www.bcb.gov.br/estabilidadefinanceira/exibenormativo?tipo=Resolu%C3%A7%C3%A3o%20BCB&numero=104...
2025-01-14 18:17:33,843 - root - INFO - Extracting data from https://www.bcb.gov.br/estabilidadefinanceira/exibenormativo?tipo=Resolu%C3%A7%C3%A3o%20BCB&numero=102...
2025-01-14 18:17:44,873 - root - INFO - Extracting data from https://www.bcb.gov.br/estabilidadefinanceira/exibenormativo?tipo=Resolu%C3%A7%C3%A3o%20BCB&numero=101...
2025-01-14 18:17:48,585 - root - INFO - Extracting data from https://www.bcb.gov.br/estabilidadefinanceira/exibenormativo?tipo=Resolu%C3%A7%C3%A3o%20BCB&numero=100...
2025-01-14 18:17:53,153 - root - INFO - Extracting data from https://www.bcb.gov.br/estabilidadefinanceira/exibenormativo?tipo=Resolu%C3%A7%C3%A3o%20BCB&numero=99...
2025-01-14 18:17:57,260 - root - INFO - Extracting data from https://www.bcb.gov.br/estabilidadefinanceira/exibenormativo?tipo=Resolu%C3%A7%C3%A3o%20BCB&numero=98...
2025-01-14 18:18:01,667 - root - INFO - Extracting data from https://www.bcb.gov.br/estabilidadefinanceira/exibenormativo?tipo=Resolu%C3%A7%C3%A3o%20BCB&numero=97...
2025-01-14 18:18:07,116 - root - INFO - Extracting data from https://www.bcb.gov.br/estabilidadefinanceira/exibenormativo?tipo=Resolu%C3%A7%C3%A3o%20BCB&numero=96...
2025-01-14 18:18:14,020 - root - INFO - Extracting data from https://www.bcb.gov.br/estabilidadefinanceira/exibenormativo?tipo=Resolu%C3%A7%C3%A3o%20BCB&numero=95...
2025-01-14 18:18:17,930 - root - INFO - Extracting data from https://www.bcb.gov.br/estabilidadefinanceira/exibenormativo?tipo=Resolu%C3%A7%C3%A3o%20BCB&numero=94...
2025-01-14 18:18:22,951 - root - INFO - Extracting data from https://www.bcb.gov.br/estabilidadefinanceira/exibenormativo?tipo=Resolu%C3%A7%C3%A3o%20BCB&numero=93...
2025-01-14 18:18:28,639 - root - INFO - Extracting data from https://www.bcb.gov.br/estabilidadefinanceira/exibenormativo?tipo=Resolu%C3%A7%C3%A3o%20BCB&numero=92...
2025-01-14 18:18:35,089 - root - INFO - Extracting data from https://www.bcb.gov.br/estabilidadefinanceira/exibenormativo?tipo=Resolu%C3%A7%C3%A3o%20BCB&numero=91...
2025-01-14 18:18:41,189 - root - INFO - Extracting data from https://www.bcb.gov.br/estabilidadefinanceira/exibenormativo?tipo=Resolu%C3%A7%C3%A3o%20BCB&numero=90...
2025-01-14 18:18:52,383 - root - INFO - Extracting data from https://www.bcb.gov.br/estabilidadefinanceira/exibenormativo?tipo=Resolu%C3%A7%C3%A3o%20BCB&numero=89...
2025-01-14 18:18:58,246 - root - INFO - Extracting data from https://www.bcb.gov.br/estabilidadefinanceira/exibenormativo?tipo=Resolu%C3%A7%C3%A3o%20BCB&numero=88...
2025-01-14 18:19:01,770 - root - INFO - Extracting data from https://www.bcb.gov.br/estabilidadefinanceira/exibenormativo?tipo=Resolu%C3%A7%C3%A3o%20BCB&numero=87...
2025-01-14 18:19:07,619 - root - INFO - Extracting data from https://www.bcb.gov.br/estabilidadefinanceira/exibenormativo?tipo=Resolu%C3%A7%C3%A3o%20BCB&numero=86...
2025-01-14 18:19:13,873 - root - INFO - Extracting data from https://www.bcb.gov.br/estabilidadefinanceira/exibenormativo?tipo=Resolu%C3%A7%C3%A3o%20BCB&numero=85...
2025-01-14 18:19:21,226 - root - INFO - Extracting data from https://www.bcb.gov.br/estabilidadefinanceira/exibenormativo?tipo=Resolu%C3%A7%C3%A3o%20BCB&numero=83...
2025-01-14 18:19:25,598 - root - INFO - Extracting data from https://www.bcb.gov.br/estabilidadefinanceira/exibenormativo?tipo=Resolu%C3%A7%C3%A3o%20BCB&numero=84...
2025-01-14 18:19:30,331 - root - INFO - Extracting data from https://www.bcb.gov.br/estabilidadefinanceira/exibenormativo?tipo=Resolu%C3%A7%C3%A3o%20BCB&numero=82...
2025-01-14 18:19:35,483 - root - INFO - Extracting data from https://www.bcb.gov.br/estabilidadefinanceira/exibenormativo?tipo=Resolu%C3%A7%C3%A3o%20BCB&numero=81...
2025-01-14 18:19:42,332 - root - INFO - Extracting data from https://www.bcb.gov.br/estabilidadefinanceira/exibenormativo?tipo=Resolu%C3%A7%C3%A3o%20BCB&numero=80...
2025-01-14 18:19:50,860 - root - INFO - Extracting data from https://www.bcb.gov.br/estabilidadefinanceira/exibenormativo?tipo=Resolu%C3%A7%C3%A3o%20BCB&numero=79...
2025-01-14 18:19:57,172 - root - INFO - Extracting data from https://www.bcb.gov.br/estabilidadefinanceira/exibenormativo?tipo=Resolu%C3%A7%C3%A3o%20BCB&numero=78...
2025-01-14 18:20:02,540 - root - INFO - Extracting data from https://www.bcb.gov.br/estabilidadefinanceira/exibenormativo?tipo=Resolu%C3%A7%C3%A3o%20BCB&numero=77...
2025-01-14 18:20:09,726 - root - INFO - Extracting data from https://www.bcb.gov.br/estabilidadefinanceira/exibenormativo?tipo=Resolu%C3%A7%C3%A3o%20BCB&numero=76...
2025-01-14 18:20:15,206 - root - INFO - Extracting data from https://www.bcb.gov.br/estabilidadefinanceira/exibenormativo?tipo=Resolu%C3%A7%C3%A3o%20BCB&numero=75...
2025-01-14 18:20:19,703 - root - INFO - Extracting data from https://www.bcb.gov.br/estabilidadefinanceira/exibenormativo?tipo=Resolu%C3%A7%C3%A3o%20BCB&numero=74...
2025-01-14 18:20:24,511 - root - INFO - Extracting data from https://www.bcb.gov.br/estabilidadefinanceira/exibenormativo?tipo=Resolu%C3%A7%C3%A3o%20BCB&numero=73...
2025-01-14 18:20:29,513 - root - INFO - Extracting data from https://www.bcb.gov.br/estabilidadefinanceira/exibenormativo?tipo=Resolu%C3%A7%C3%A3o%20BCB&numero=72...
2025-01-14 18:20:33,002 - root - INFO - Extracting data from https://www.bcb.gov.br/estabilidadefinanceira/exibenormativo?tipo=Resolu%C3%A7%C3%A3o%20BCB&numero=70...
2025-01-14 18:20:39,307 - root - INFO - Extracting data from https://www.bcb.gov.br/estabilidadefinanceira/exibenormativo?tipo=Resolu%C3%A7%C3%A3o%20BCB&numero=71...
2025-01-14 18:20:47,139 - root - INFO - Extracting data from https://www.bcb.gov.br/estabilidadefinanceira/exibenormativo?tipo=Resolu%C3%A7%C3%A3o%20BCB&numero=69...
2025-01-14 18:20:52,458 - root - INFO - Extracting data from https://www.bcb.gov.br/estabilidadefinanceira/exibenormativo?tipo=Resolu%C3%A7%C3%A3o%20BCB&numero=68...
2025-01-14 18:20:56,940 - root - INFO - Extracting data from https://www.bcb.gov.br/estabilidadefinanceira/exibenormativo?tipo=Resolu%C3%A7%C3%A3o%20BCB&numero=67...
2025-01-14 18:21:04,463 - root - INFO - Extracting data from https://www.bcb.gov.br/estabilidadefinanceira/exibenormativo?tipo=Resolu%C3%A7%C3%A3o%20BCB&numero=66...
2025-01-14 18:21:11,401 - root - INFO - Extracting data from https://www.bcb.gov.br/estabilidadefinanceira/exibenormativo?tipo=Resolu%C3%A7%C3%A3o%20BCB&numero=64...
2025-01-14 18:21:15,961 - root - INFO - Extracting data from https://www.bcb.gov.br/estabilidadefinanceira/exibenormativo?tipo=Resolu%C3%A7%C3%A3o%20BCB&numero=65...
2025-01-14 18:21:21,099 - root - INFO - Extracting data from https://www.bcb.gov.br/estabilidadefinanceira/exibenormativo?tipo=Resolu%C3%A7%C3%A3o%20BCB&numero=63...
2025-01-14 18:21:25,368 - root - INFO - Extracting data from https://www.bcb.gov.br/estabilidadefinanceira/exibenormativo?tipo=Resolu%C3%A7%C3%A3o%20BCB&numero=61...
2025-01-14 18:21:31,064 - root - INFO - Extracting data from https://www.bcb.gov.br/estabilidadefinanceira/exibenormativo?tipo=Resolu%C3%A7%C3%A3o%20BCB&numero=62...
2025-01-14 18:21:34,751 - root - INFO - Extracting data from https://www.bcb.gov.br/estabilidadefinanceira/exibenormativo?tipo=Resolu%C3%A7%C3%A3o%20BCB&numero=60...
2025-01-14 18:21:38,695 - root - INFO - Extracting data from https://www.bcb.gov.br/estabilidadefinanceira/exibenormativo?tipo=Resolu%C3%A7%C3%A3o%20BCB&numero=58...
2025-01-14 18:21:42,083 - root - INFO - Extracting data from https://www.bcb.gov.br/estabilidadefinanceira/exibenormativo?tipo=Resolu%C3%A7%C3%A3o%20BCB&numero=59...
2025-01-14 18:21:47,192 - root - INFO - Extracting data from https://www.bcb.gov.br/estabilidadefinanceira/exibenormativo?tipo=Resolu%C3%A7%C3%A3o%20BCB&numero=51...
2025-01-14 18:21:52,567 - root - INFO - Extracting data from https://www.bcb.gov.br/estabilidadefinanceira/exibenormativo?tipo=Resolu%C3%A7%C3%A3o%20BCB&numero=56...
2025-01-14 18:21:57,141 - root - INFO - Extracting data from https://www.bcb.gov.br/estabilidadefinanceira/exibenormativo?tipo=Resolu%C3%A7%C3%A3o%20BCB&numero=57...
2025-01-14 18:22:01,163 - root - INFO - Extracting data from https://www.bcb.gov.br/estabilidadefinanceira/exibenormativo?tipo=Resolu%C3%A7%C3%A3o%20BCB&numero=54...
2025-01-14 18:22:18,636 - root - INFO - Extracting data from https://www.bcb.gov.br/estabilidadefinanceira/exibenormativo?tipo=Resolu%C3%A7%C3%A3o%20BCB&numero=53...
2025-01-14 18:22:22,597 - root - INFO - Extracting data from https://www.bcb.gov.br/estabilidadefinanceira/exibenormativo?tipo=Resolu%C3%A7%C3%A3o%20BCB&numero=52...
2025-01-14 18:22:26,594 - root - INFO - Extracting data from https://www.bcb.gov.br/estabilidadefinanceira/exibenormativo?tipo=Resolu%C3%A7%C3%A3o%20BCB&numero=50...
2025-01-14 18:22:34,179 - root - INFO - Extracting data from https://www.bcb.gov.br/estabilidadefinanceira/exibenormativo?tipo=Resolu%C3%A7%C3%A3o%20BCB&numero=55...
2025-01-14 18:22:51,840 - root - INFO - Extracting data from https://www.bcb.gov.br/estabilidadefinanceira/exibenormativo?tipo=Resolu%C3%A7%C3%A3o%20BCB&numero=49...
2025-01-14 18:22:55,958 - root - INFO - Extracting data from https://www.bcb.gov.br/estabilidadefinanceira/exibenormativo?tipo=Resolu%C3%A7%C3%A3o%20BCB&numero=48...
2025-01-14 18:23:02,061 - root - INFO - Extracting data from https://www.bcb.gov.br/estabilidadefinanceira/exibenormativo?tipo=Resolu%C3%A7%C3%A3o%20BCB&numero=47...
2025-01-14 18:23:10,092 - root - INFO - Extracting data from https://www.bcb.gov.br/estabilidadefinanceira/exibenormativo?tipo=Resolu%C3%A7%C3%A3o%20BCB&numero=43...
2025-01-14 18:23:14,540 - root - INFO - Extracting data from https://www.bcb.gov.br/estabilidadefinanceira/exibenormativo?tipo=Resolu%C3%A7%C3%A3o%20BCB&numero=46...
2025-01-14 18:23:19,374 - root - INFO - Extracting data from https://www.bcb.gov.br/estabilidadefinanceira/exibenormativo?tipo=Resolu%C3%A7%C3%A3o%20BCB&numero=45...
2025-01-14 18:23:24,073 - root - INFO - Extracting data from https://www.bcb.gov.br/estabilidadefinanceira/exibenormativo?tipo=Resolu%C3%A7%C3%A3o%20BCB&numero=44...
2025-01-14 18:23:28,253 - root - INFO - Extracting data from https://www.bcb.gov.br/estabilidadefinanceira/exibenormativo?tipo=Resolu%C3%A7%C3%A3o%20BCB&numero=42...
2025-01-14 18:23:34,276 - root - INFO - Extracting data from https://www.bcb.gov.br/estabilidadefinanceira/exibenormativo?tipo=Resolu%C3%A7%C3%A3o%20BCB&numero=41...
2025-01-14 18:23:38,750 - root - INFO - Extracting data from https://www.bcb.gov.br/estabilidadefinanceira/exibenormativo?tipo=Resolu%C3%A7%C3%A3o%20BCB&numero=39...
2025-01-14 18:23:42,748 - root - INFO - Extracting data from https://www.bcb.gov.br/estabilidadefinanceira/exibenormativo?tipo=Resolu%C3%A7%C3%A3o%20BCB&numero=40...
2025-01-14 18:23:46,287 - root - INFO - Extracting data from https://www.bcb.gov.br/estabilidadefinanceira/exibenormativo?tipo=Resolu%C3%A7%C3%A3o%20BCB&numero=38...
2025-01-14 18:23:50,559 - root - INFO - Extracting data from https://www.bcb.gov.br/estabilidadefinanceira/exibenormativo?tipo=Resolu%C3%A7%C3%A3o%20BCB&numero=37...
2025-01-14 18:23:55,740 - root - INFO - Extracting data from https://www.bcb.gov.br/estabilidadefinanceira/exibenormativo?tipo=Resolu%C3%A7%C3%A3o%20BCB&numero=36...
2025-01-14 18:23:59,387 - root - INFO - Extracting data from https://www.bcb.gov.br/estabilidadefinanceira/exibenormativo?tipo=Resolu%C3%A7%C3%A3o%20BCB&numero=35...
2025-01-14 18:24:04,712 - root - INFO - Extracting data from https://www.bcb.gov.br/estabilidadefinanceira/exibenormativo?tipo=Resolu%C3%A7%C3%A3o%20BCB&numero=32...
2025-01-14 18:24:15,047 - root - INFO - Extracting data from https://www.bcb.gov.br/estabilidadefinanceira/exibenormativo?tipo=Resolu%C3%A7%C3%A3o%20BCB&numero=34...
2025-01-14 18:24:20,912 - root - INFO - Extracting data from https://www.bcb.gov.br/estabilidadefinanceira/exibenormativo?tipo=Resolu%C3%A7%C3%A3o%20BCB&numero=33...
2025-01-14 18:24:30,093 - root - INFO - Extracting data from https://www.bcb.gov.br/estabilidadefinanceira/exibenormativo?tipo=Resolu%C3%A7%C3%A3o%20BCB&numero=31...
2025-01-14 18:24:36,290 - root - INFO - Extracting data from https://www.bcb.gov.br/estabilidadefinanceira/exibenormativo?tipo=Resolu%C3%A7%C3%A3o%20BCB&numero=30...
2025-01-14 18:24:41,647 - root - INFO - Extracting data from https://www.bcb.gov.br/estabilidadefinanceira/exibenormativo?tipo=Resolu%C3%A7%C3%A3o%20BCB&numero=29...
2025-01-14 18:24:51,099 - root - INFO - Extracting data from https://www.bcb.gov.br/estabilidadefinanceira/exibenormativo?tipo=Resolu%C3%A7%C3%A3o%20BCB&numero=28...
2025-01-14 18:24:57,426 - root - INFO - Extracting data from https://www.bcb.gov.br/estabilidadefinanceira/exibenormativo?tipo=Resolu%C3%A7%C3%A3o%20BCB&numero=26...
2025-01-14 18:25:01,577 - root - INFO - Extracting data from https://www.bcb.gov.br/estabilidadefinanceira/exibenormativo?tipo=Resolu%C3%A7%C3%A3o%20BCB&numero=27...
2025-01-14 18:25:05,640 - root - INFO - Extracting data from https://www.bcb.gov.br/estabilidadefinanceira/exibenormativo?tipo=Resolu%C3%A7%C3%A3o%20BCB&numero=25...
2025-01-14 18:25:10,357 - root - INFO - Extracting data from https://www.bcb.gov.br/estabilidadefinanceira/exibenormativo?tipo=Resolu%C3%A7%C3%A3o%20BCB&numero=24...
2025-01-14 18:25:17,212 - root - INFO - Extracting data from https://www.bcb.gov.br/estabilidadefinanceira/exibenormativo?tipo=Resolu%C3%A7%C3%A3o%20BCB&numero=23...
2025-01-14 18:25:22,317 - root - INFO - Extracting data from https://www.bcb.gov.br/estabilidadefinanceira/exibenormativo?tipo=Resolu%C3%A7%C3%A3o%20BCB&numero=22...
2025-01-14 18:25:26,252 - root - INFO - Extracting data from https://www.bcb.gov.br/estabilidadefinanceira/exibenormativo?tipo=Resolu%C3%A7%C3%A3o%20BCB&numero=21...
2025-01-14 18:25:31,169 - root - INFO - Extracting data from https://www.bcb.gov.br/estabilidadefinanceira/exibenormativo?tipo=Resolu%C3%A7%C3%A3o%20BCB&numero=19...
2025-01-14 18:25:36,514 - root - INFO - Extracting data from https://www.bcb.gov.br/estabilidadefinanceira/exibenormativo?tipo=Resolu%C3%A7%C3%A3o%20BCB&numero=20...
2025-01-14 18:25:41,442 - root - INFO - Extracting data from https://www.bcb.gov.br/estabilidadefinanceira/exibenormativo?tipo=Resolu%C3%A7%C3%A3o%20BCB&numero=18...
2025-01-14 18:25:45,464 - root - INFO - Extracting data from https://www.bcb.gov.br/estabilidadefinanceira/exibenormativo?tipo=Resolu%C3%A7%C3%A3o%20BCB&numero=17...
2025-01-14 18:25:50,623 - root - INFO - Extracting data from https://www.bcb.gov.br/estabilidadefinanceira/exibenormativo?tipo=Resolu%C3%A7%C3%A3o%20BCB&numero=15...
2025-01-14 18:25:56,169 - root - INFO - Extracting data from https://www.bcb.gov.br/estabilidadefinanceira/exibenormativo?tipo=Resolu%C3%A7%C3%A3o%20BCB&numero=16...
2025-01-14 18:26:00,390 - root - INFO - Extracting data from https://www.bcb.gov.br/estabilidadefinanceira/exibenormativo?tipo=Resolu%C3%A7%C3%A3o%20BCB&numero=13...
2025-01-14 18:26:05,955 - root - INFO - Extracting data from https://www.bcb.gov.br/estabilidadefinanceira/exibenormativo?tipo=Resolu%C3%A7%C3%A3o%20BCB&numero=14...
2025-01-14 18:26:12,546 - root - INFO - Extracting data from https://www.bcb.gov.br/estabilidadefinanceira/exibenormativo?tipo=Resolu%C3%A7%C3%A3o%20BCB&numero=12...
2025-01-14 18:26:17,976 - root - INFO - Extracting data from https://www.bcb.gov.br/estabilidadefinanceira/exibenormativo?tipo=Resolu%C3%A7%C3%A3o%20BCB&numero=11...
2025-01-14 18:26:21,905 - root - INFO - Extracting data from https://www.bcb.gov.br/estabilidadefinanceira/exibenormativo?tipo=Resolu%C3%A7%C3%A3o%20BCB&numero=10...
2025-01-14 18:26:25,514 - root - INFO - Extracting data from https://www.bcb.gov.br/estabilidadefinanceira/exibenormativo?tipo=Resolu%C3%A7%C3%A3o%20BCB&numero=9...
2025-01-14 18:26:29,287 - root - INFO - Extracting data from https://www.bcb.gov.br/estabilidadefinanceira/exibenormativo?tipo=Resolu%C3%A7%C3%A3o%20BCB&numero=8...
2025-01-14 18:26:32,773 - root - INFO - Extracting data from https://www.bcb.gov.br/estabilidadefinanceira/exibenormativo?tipo=Resolu%C3%A7%C3%A3o%20BCB&numero=6...
2025-01-14 18:26:36,703 - root - INFO - Extracting data from https://www.bcb.gov.br/estabilidadefinanceira/exibenormativo?tipo=Resolu%C3%A7%C3%A3o%20BCB&numero=7...
2025-01-14 18:26:41,920 - root - INFO - Extracting data from https://www.bcb.gov.br/estabilidadefinanceira/exibenormativo?tipo=Resolu%C3%A7%C3%A3o%20BCB&numero=5...
2025-01-14 18:26:47,402 - root - INFO - Extracting data from https://www.bcb.gov.br/estabilidadefinanceira/exibenormativo?tipo=Resolu%C3%A7%C3%A3o%20BCB&numero=4...
2025-01-14 18:26:52,480 - root - INFO - Extracting data from https://www.bcb.gov.br/estabilidadefinanceira/exibenormativo?tipo=Resolu%C3%A7%C3%A3o%20BCB&numero=3...
2025-01-14 18:26:55,988 - root - INFO - Extracting data from https://www.bcb.gov.br/estabilidadefinanceira/exibenormativo?tipo=Resolu%C3%A7%C3%A3o%20BCB&numero=2...
2025-01-14 18:27:06,760 - root - INFO - Extracting data from https://www.bcb.gov.br/estabilidadefinanceira/exibenormativo?tipo=Resolu%C3%A7%C3%A3o%20BCB&numero=1...
2025-01-14 18:27:46,340 - root - INFO - Data saved to data/raw/resolutions_data.json
2025-01-14 18:27:46,556 - data_collection.content_validator - INFO - Starting resolution content validation...
2025-01-14 18:27:46,556 - __main__ - INFO - Resolution collection process completed successfully
